;  LST file generated by mikroListExporter - v.2.0 
; Date/Time: 8.11.2020 04:41:56
;----------------------------------------------

;Address Opcode 	ASM
0x0000	0x2816      	GOTO       22
_____DoICP:
;__Lib_System.c,6 :: 		
;__Lib_System.c,9 :: 		
0x0003	0x1283      	BCF        STATUS, 5
0x0004	0x1303      	BCF        STATUS, 6
0x0005	0x0823      	MOVF       ___DoICPAddr+1, 0
0x0006	0x008A      	MOVWF      PCLATH
;__Lib_System.c,10 :: 		
0x0007	0x0822      	MOVF       ___DoICPAddr, 0
0x0008	0x0082      	MOVWF      PCL
;__Lib_System.c,12 :: 		
L_end_____DoICP:
0x0009	0x0008      	RETURN
; end of _____DoICP
___CC2DW:
;__Lib_System.c,134 :: 		
;__Lib_System.c,137 :: 		
_CC2D_Loop1:
;__Lib_System.c,139 :: 		
0x000A	0x2003      	CALL       _____DoICP
0x000B	0x118A      	BCF        PCLATH, 3
0x000C	0x120A      	BCF        PCLATH, 4
;__Lib_System.c,141 :: 		
0x000D	0x0080      	MOVWF      INDF
;__Lib_System.c,142 :: 		
0x000E	0x0A84      	INCF       FSR, 1
;__Lib_System.c,143 :: 		
0x000F	0x0AA2      	INCF       ___DoICPAddr, 1
;__Lib_System.c,145 :: 		
0x0010	0x1903      	BTFSC      STATUS, 2
;__Lib_System.c,146 :: 		
0x0011	0x0AA3      	INCF       ___DoICPAddr+1, 1
;__Lib_System.c,147 :: 		
0x0012	0x03F0      	DECF       R0, 1
;__Lib_System.c,149 :: 		
0x0013	0x1D03      	BTFSS      STATUS, 2
;__Lib_System.c,150 :: 		
0x0014	0x280A      	GOTO       _CC2D_Loop1
;__Lib_System.c,152 :: 		
L_end___CC2DW:
0x0015	0x0008      	RETURN
; end of ___CC2DW
_main:
;Deney1.c,36 :: 		void main()
;Deney1.c,38 :: 		ANSEL = 0;
0x0016	0x1683      	BSF        STATUS, 5
0x0017	0x1703      	BSF        STATUS, 6
0x0018	0x0188      	CLRF       ANSEL
;Deney1.c,39 :: 		ANSELH= 0;
0x0019	0x0189      	CLRF       ANSELH
;Deney1.c,41 :: 		PORTB = 0xFF; // Port B nin tamamýný yanacak þekilde ayarladýk
0x001A	0x30FF      	MOVLW      255
0x001B	0x1283      	BCF        STATUS, 5
0x001C	0x1303      	BCF        STATUS, 6
0x001D	0x0086      	MOVWF      PORTB
;Deney1.c,43 :: 		TRISB = 0;
0x001E	0x1683      	BSF        STATUS, 5
0x001F	0x0186      	CLRF       TRISB
;Deney1.c,45 :: 		delay_ms(1000); // 1 ms bekle
0x0020	0x300B      	MOVLW      11
0x0021	0x00FB      	MOVWF      R11
0x0022	0x3026      	MOVLW      38
0x0023	0x00FC      	MOVWF      R12
0x0024	0x305D      	MOVLW      93
0x0025	0x00FD      	MOVWF      R13
L_main0:
0x0026	0x0BFD      	DECFSZ     R13, 1
0x0027	0x2826      	GOTO       L_main0
0x0028	0x0BFC      	DECFSZ     R12, 1
0x0029	0x2826      	GOTO       L_main0
0x002A	0x0BFB      	DECFSZ     R11, 1
0x002B	0x2826      	GOTO       L_main0
0x002C	0x0000      	NOP
0x002D	0x0000      	NOP
;Deney1.c,47 :: 		PORTB = 0;
0x002E	0x1283      	BCF        STATUS, 5
0x002F	0x0186      	CLRF       PORTB
;Deney1.c,49 :: 		for(k=0;k<20;k++)
0x0030	0x01A0      	CLRF       _k
0x0031	0x01A1      	CLRF       _k+1
L_main1:
0x0032	0x3080      	MOVLW      128
0x0033	0x0621      	XORWF      _k+1, 0
0x0034	0x00F0      	MOVWF      R0
0x0035	0x3080      	MOVLW      128
0x0036	0x0270      	SUBWF      R0, 0
0x0037	0x1D03      	BTFSS      STATUS, 2
0x0038	0x283B      	GOTO       L__main14
0x0039	0x3014      	MOVLW      20
0x003A	0x0220      	SUBWF      _k, 0
L__main14:
0x003B	0x1803      	BTFSC      STATUS, 0
0x003C	0x286A      	GOTO       L_main2
;Deney1.c,51 :: 		switch(PORTB)
0x003D	0x285E      	GOTO       L_main4
;Deney1.c,53 :: 		case 0x00: PORTB = 0xFF;
L_main6:
0x003E	0x30FF      	MOVLW      255
0x003F	0x0086      	MOVWF      PORTB
;Deney1.c,54 :: 		delay_ms(100);
0x0040	0x3002      	MOVLW      2
0x0041	0x00FB      	MOVWF      R11
0x0042	0x3004      	MOVLW      4
0x0043	0x00FC      	MOVWF      R12
0x0044	0x30BA      	MOVLW      186
0x0045	0x00FD      	MOVWF      R13
L_main7:
0x0046	0x0BFD      	DECFSZ     R13, 1
0x0047	0x2846      	GOTO       L_main7
0x0048	0x0BFC      	DECFSZ     R12, 1
0x0049	0x2846      	GOTO       L_main7
0x004A	0x0BFB      	DECFSZ     R11, 1
0x004B	0x2846      	GOTO       L_main7
0x004C	0x0000      	NOP
;Deney1.c,55 :: 		break;
0x004D	0x2866      	GOTO       L_main5
;Deney1.c,57 :: 		case 0xFF: PORTB = 0x00;
L_main8:
0x004E	0x0186      	CLRF       PORTB
;Deney1.c,58 :: 		delay_ms(500);
0x004F	0x3006      	MOVLW      6
0x0050	0x00FB      	MOVWF      R11
0x0051	0x3013      	MOVLW      19
0x0052	0x00FC      	MOVWF      R12
0x0053	0x30AD      	MOVLW      173
0x0054	0x00FD      	MOVWF      R13
L_main9:
0x0055	0x0BFD      	DECFSZ     R13, 1
0x0056	0x2855      	GOTO       L_main9
0x0057	0x0BFC      	DECFSZ     R12, 1
0x0058	0x2855      	GOTO       L_main9
0x0059	0x0BFB      	DECFSZ     R11, 1
0x005A	0x2855      	GOTO       L_main9
0x005B	0x0000      	NOP
0x005C	0x0000      	NOP
;Deney1.c,59 :: 		}
0x005D	0x2866      	GOTO       L_main5
L_main4:
0x005E	0x0806      	MOVF       PORTB, 0
0x005F	0x3A00      	XORLW      0
0x0060	0x1903      	BTFSC      STATUS, 2
0x0061	0x283E      	GOTO       L_main6
0x0062	0x0806      	MOVF       PORTB, 0
0x0063	0x3AFF      	XORLW      255
0x0064	0x1903      	BTFSC      STATUS, 2
0x0065	0x284E      	GOTO       L_main8
L_main5:
;Deney1.c,49 :: 		for(k=0;k<20;k++)
0x0066	0x0AA0      	INCF       _k, 1
0x0067	0x1903      	BTFSC      STATUS, 2
0x0068	0x0AA1      	INCF       _k+1, 1
;Deney1.c,60 :: 		}
0x0069	0x2832      	GOTO       L_main1
L_main2:
;Deney1.c,62 :: 		PORTB = 0b01010101;
0x006A	0x3055      	MOVLW      85
0x006B	0x0086      	MOVWF      PORTB
;Deney1.c,64 :: 		while(1)
L_main10:
;Deney1.c,66 :: 		PORTB = ~PORTB; // tümleyeni
0x006C	0x0986      	COMF       PORTB, 1
;Deney1.c,68 :: 		delay_ms(200);
0x006D	0x3003      	MOVLW      3
0x006E	0x00FB      	MOVWF      R11
0x006F	0x3008      	MOVLW      8
0x0070	0x00FC      	MOVWF      R12
0x0071	0x3077      	MOVLW      119
0x0072	0x00FD      	MOVWF      R13
L_main12:
0x0073	0x0BFD      	DECFSZ     R13, 1
0x0074	0x2873      	GOTO       L_main12
0x0075	0x0BFC      	DECFSZ     R12, 1
0x0076	0x2873      	GOTO       L_main12
0x0077	0x0BFB      	DECFSZ     R11, 1
0x0078	0x2873      	GOTO       L_main12
;Deney1.c,69 :: 		}
0x0079	0x286C      	GOTO       L_main10
;Deney1.c,70 :: 		}
L_end_main:
0x007A	0x287A      	GOTO       $+0
; end of _main
Symbol List:
//** Routines locations **
//ADDRESS    SIZE    PROCEDURE
//----------------------------------------------
0x0003       [7]    _____DoICP
0x000A      [12]    ___CC2DW
0x0016     [101]    _main
//** Variables locations ** 
//ADDRESS    SIZE    VARIABLE
//----------------------------------------------
0x0000       [1]    INDF
0x0002       [1]    PCL
0x0003       [1]    STATUS
0x0004       [1]    FSR
0x0006       [1]    PORTB
0x000A       [1]    PCLATH
0x0020       [2]    _k
0x0022       [2]    ___DoICPAddr
0x0070       [1]    R0
0x0071       [1]    R1
0x0072       [1]    R2
0x0073       [1]    R3
0x0074       [1]    R4
0x0075       [1]    R5
0x0076       [1]    R6
0x0077       [1]    R7
0x0078       [1]    R8
0x0079       [1]    R9
0x007A       [1]    R10
0x007B       [1]    R11
0x007C       [1]    R12
0x007D       [1]    R13
0x007E       [1]    R14
0x007F       [1]    R15
0x0086       [1]    TRISB
0x0188       [1]    ANSEL
0x0189       [1]    ANSELH
