;  LST file generated by mikroListExporter - v.2.0 
; Date/Time: 21.11.2020 18:56:02
;----------------------------------------------

;Address Opcode 	ASM
0x0000	0x2816      	GOTO       22
_____DoICP:
;__Lib_System.c,6 :: 		
;__Lib_System.c,9 :: 		
0x0003	0x1283      	BCF        STATUS, 5
0x0004	0x1303      	BCF        STATUS, 6
0x0005	0x0821      	MOVF       ___DoICPAddr+1, 0
0x0006	0x008A      	MOVWF      PCLATH
;__Lib_System.c,10 :: 		
0x0007	0x0820      	MOVF       ___DoICPAddr, 0
0x0008	0x0082      	MOVWF      PCL
;__Lib_System.c,12 :: 		
L_end_____DoICP:
0x0009	0x0008      	RETURN
; end of _____DoICP
___CC2DW:
;__Lib_System.c,134 :: 		
;__Lib_System.c,137 :: 		
_CC2D_Loop1:
;__Lib_System.c,139 :: 		
0x000A	0x2003      	CALL       _____DoICP
0x000B	0x118A      	BCF        PCLATH, 3
0x000C	0x120A      	BCF        PCLATH, 4
;__Lib_System.c,141 :: 		
0x000D	0x0080      	MOVWF      INDF
;__Lib_System.c,142 :: 		
0x000E	0x0A84      	INCF       FSR, 1
;__Lib_System.c,143 :: 		
0x000F	0x0AA0      	INCF       ___DoICPAddr, 1
;__Lib_System.c,145 :: 		
0x0010	0x1903      	BTFSC      STATUS, 2
;__Lib_System.c,146 :: 		
0x0011	0x0AA1      	INCF       ___DoICPAddr+1, 1
;__Lib_System.c,147 :: 		
0x0012	0x03F0      	DECF       R0, 1
;__Lib_System.c,149 :: 		
0x0013	0x1D03      	BTFSS      STATUS, 2
;__Lib_System.c,150 :: 		
0x0014	0x280A      	GOTO       _CC2D_Loop1
;__Lib_System.c,152 :: 		
L_end___CC2DW:
0x0015	0x0008      	RETURN
; end of ___CC2DW
_main:
;deney3.c,17 :: 		void main() {
;deney3.c,19 :: 		char TEST = 5;
0x0016	0x3005      	MOVLW      5
0x0017	0x1283      	BCF        STATUS, 5
0x0018	0x1303      	BCF        STATUS, 6
0x0019	0x00A2      	MOVWF      main_TEST_L0
;deney3.c,23 :: 		ANSEL = ANSELH = 0;
0x001A	0x1683      	BSF        STATUS, 5
0x001B	0x1703      	BSF        STATUS, 6
0x001C	0x0189      	CLRF       ANSELH
0x001D	0x0188      	CLRF       ANSEL
;deney3.c,25 :: 		PORTA = 0;
0x001E	0x1283      	BCF        STATUS, 5
0x001F	0x1303      	BCF        STATUS, 6
0x0020	0x0185      	CLRF       PORTA
;deney3.c,26 :: 		TRISA = 0XFF; // RA4 yani T0CKI bacaðý input yapýlýr.
0x0021	0x30FF      	MOVLW      255
0x0022	0x1683      	BSF        STATUS, 5
0x0023	0x0085      	MOVWF      TRISA
;deney3.c,28 :: 		PORTD = 0;
0x0024	0x1283      	BCF        STATUS, 5
0x0025	0x0188      	CLRF       PORTD
;deney3.c,29 :: 		TRISD = 0b11110111; // RD3 bacaðý output yapýlýr.
0x0026	0x30F7      	MOVLW      247
0x0027	0x1683      	BSF        STATUS, 5
0x0028	0x0088      	MOVWF      TRISD
;deney3.c,31 :: 		OPTION_REG.F5 = 1; // T0CKI bacaðýndan clock pulse alýnmasý. (T0CS = 1)
0x0029	0x1681      	BSF        OPTION_REG, 5
;deney3.c,33 :: 		OPTION_REG.F3 = 1; // Prescaler  WDT'ye atanarak TMR0'ýn 1:1 olarak scale edilmesi saðlanýr (PSA = 1)
0x002A	0x1581      	BSF        OPTION_REG, 3
;deney3.c,35 :: 		TMR0 = 0; // Timer 0'ýn içeriði sýfýrlansýn yani 0 deðerinden saymaya baþlayacaðýz.
0x002B	0x1283      	BCF        STATUS, 5
0x002C	0x0181      	CLRF       TMR0
;deney3.c,37 :: 		do{
L_main0:
;deney3.c,39 :: 		if(TMR0 == TEST){
0x002D	0x0801      	MOVF       TMR0, 0
0x002E	0x0622      	XORWF      main_TEST_L0, 0
0x002F	0x1D03      	BTFSS      STATUS, 2
0x0030	0x2832      	GOTO       L_main3
;deney3.c,41 :: 		PORTD.RELAY = 1; // RD4 bacaðý 0'dan 1'e deðiþir ve Röle (Relay) çalýþýr.
0x0031	0x1588      	BSF        PORTD, 3
;deney3.c,43 :: 		}
L_main3:
;deney3.c,45 :: 		}while(1);
0x0032	0x282D      	GOTO       L_main0
;deney3.c,47 :: 		}
L_end_main:
0x0033	0x2833      	GOTO       $+0
; end of _main
Symbol List:
//** Routines locations **
//ADDRESS    SIZE    PROCEDURE
//----------------------------------------------
0x0003       [7]    _____DoICP
0x000A      [12]    ___CC2DW
0x0016      [30]    _main
//** Variables locations ** 
//ADDRESS    SIZE    VARIABLE
//----------------------------------------------
0x0000       [1]    INDF
0x0001       [1]    TMR0
0x0002       [1]    PCL
0x0003       [1]    STATUS
0x0004       [1]    FSR
0x0005       [1]    PORTA
0x0008       [1]    PORTD
0x000A       [1]    PCLATH
0x0020       [2]    ___DoICPAddr
0x0022       [1]    main_TEST_L0
0x0070       [1]    R0
0x0071       [1]    R1
0x0072       [1]    R2
0x0073       [1]    R3
0x0074       [1]    R4
0x0075       [1]    R5
0x0076       [1]    R6
0x0077       [1]    R7
0x0078       [1]    R8
0x0079       [1]    R9
0x007A       [1]    R10
0x007B       [1]    R11
0x007C       [1]    R12
0x007D       [1]    R13
0x007E       [1]    R14
0x007F       [1]    R15
0x0081       [1]    OPTION_REG
0x0085       [1]    TRISA
0x0088       [1]    TRISD
0x0188       [1]    ANSEL
0x0189       [1]    ANSELH
