;  LST file generated by mikroListExporter - v.2.0 
; Date/Time: 9.01.2021 14:45:03
;----------------------------------------------

;Address Opcode 	ASM
0x0000	0x289B      	GOTO       155
_interrupt:
0x0004	0x00FF      	MOVWF      R15
0x0005	0x0E03      	SWAPF      STATUS, 0
0x0006	0x0183      	CLRF       STATUS
0x0007	0x00A8      	MOVWF      ___saveSTATUS
0x0008	0x080A      	MOVF       PCLATH, 0
0x0009	0x00A9      	MOVWF      ___savePCLATH
0x000A	0x018A      	CLRF       PCLATH
0x000B	0x0870      	MOVF       R0, 0
0x000C	0x00A0      	MOVWF      32
;deney9.c,20 :: 		void interrupt(){
;deney9.c,22 :: 		if(digit_no == 0){ // Birler basamaðý display i çalýþacak.
0x000D	0x0825      	MOVF       _digit_no, 0
0x000E	0x3A00      	XORLW      0
0x000F	0x1D03      	BTFSS      STATUS, 2
0x0010	0x2819      	GOTO       L_interrupt0
;deney9.c,24 :: 		PORTA = 0;
0x0011	0x0185      	CLRF       PORTA
;deney9.c,26 :: 		PORTD = digit1;
0x0012	0x0826      	MOVF       _digit1, 0
0x0013	0x0088      	MOVWF      PORTD
;deney9.c,28 :: 		PORTA = 1; // 01 (RA0'ý aktifleþtir)
0x0014	0x3001      	MOVLW      1
0x0015	0x0085      	MOVWF      PORTA
;deney9.c,30 :: 		digit_no = 1; // Bir sonraki kesmede diðer display çalýþsýn
0x0016	0x3001      	MOVLW      1
0x0017	0x00A5      	MOVWF      _digit_no
;deney9.c,32 :: 		}
0x0018	0x281F      	GOTO       L_interrupt1
L_interrupt0:
;deney9.c,35 :: 		PORTA = 0;
0x0019	0x0185      	CLRF       PORTA
;deney9.c,37 :: 		PORTD = digit10;
0x001A	0x0827      	MOVF       _digit10, 0
0x001B	0x0088      	MOVWF      PORTD
;deney9.c,39 :: 		PORTA = 2; // 10 (RA1'i aktifleþtirir)
0x001C	0x3002      	MOVLW      2
0x001D	0x0085      	MOVWF      PORTA
;deney9.c,41 :: 		digit_no = 0; // Bir sonraki kesmede diðer display çalýþsýn.
0x001E	0x01A5      	CLRF       _digit_no
;deney9.c,43 :: 		}
L_interrupt1:
;deney9.c,45 :: 		TMR0 = 0;
0x001F	0x0181      	CLRF       TMR0
;deney9.c,47 :: 		INTCON = 0x20; // Taþma bayraðýný sýfýrla
0x0020	0x3020      	MOVLW      32
0x0021	0x008B      	MOVWF      INTCON
;deney9.c,49 :: 		}
L_end_interrupt:
L__interrupt10:
0x0022	0x0820      	MOVF       32, 0
0x0023	0x00F0      	MOVWF      R0
0x0024	0x0829      	MOVF       ___savePCLATH, 0
0x0025	0x008A      	MOVWF      PCLATH
0x0026	0x0E28      	SWAPF      ___saveSTATUS, 0
0x0027	0x0083      	MOVWF      STATUS
0x0028	0x0EFF      	SWAPF      R15, 1
0x0029	0x0E7F      	SWAPF      R15, 0
0x002A	0x0009      	RETFIE
; end of _interrupt
_____DoICP:
;__Lib_System.c,6 :: 		
;__Lib_System.c,9 :: 		
0x002B	0x1283      	BCF        STATUS, 5
0x002C	0x1303      	BCF        STATUS, 6
0x002D	0x0822      	MOVF       ___DoICPAddr+1, 0
0x002E	0x008A      	MOVWF      PCLATH
;__Lib_System.c,10 :: 		
0x002F	0x0821      	MOVF       ___DoICPAddr, 0
0x0030	0x0082      	MOVWF      PCL
;__Lib_System.c,12 :: 		
L_end_____DoICP:
0x0031	0x0008      	RETURN
; end of _____DoICP
_Div_8X8_U:
;__Lib_Math.c,189 :: 		
;__Lib_Math.c,196 :: 		
0x0032	0x1283      	BCF        STATUS, 5
;__Lib_Math.c,197 :: 		
0x0033	0x1303      	BCF        STATUS, 6
;__Lib_Math.c,198 :: 		
0x0034	0x01F8      	CLRF       R8
;__Lib_Math.c,199 :: 		
0x0035	0x3008      	MOVLW      8
;__Lib_Math.c,200 :: 		
0x0036	0x00FC      	MOVWF      R12
;__Lib_Math.c,201 :: 		
0x0037	0x0D70      	RLF        R0, 0
;__Lib_Math.c,202 :: 		
0x0038	0x0DF8      	RLF        R8, 1
;__Lib_Math.c,203 :: 		
0x0039	0x0874      	MOVF       R4, 0
;__Lib_Math.c,204 :: 		
0x003A	0x02F8      	SUBWF      R8, 1
;__Lib_Math.c,205 :: 		
0x003B	0x1803      	BTFSC      STATUS, 0
;__Lib_Math.c,206 :: 		
0x003C	0x283F      	GOTO       $+3
;__Lib_Math.c,207 :: 		
0x003D	0x07F8      	ADDWF      R8, 1
;__Lib_Math.c,208 :: 		
0x003E	0x1003      	BCF        STATUS, 0
;__Lib_Math.c,209 :: 		
0x003F	0x0DF0      	RLF        R0, 1
;__Lib_Math.c,210 :: 		
0x0040	0x0BFC      	DECFSZ     R12, 1
;__Lib_Math.c,211 :: 		
0x0041	0x2837      	GOTO       $-10
;__Lib_Math.c,213 :: 		
L_end_Div_8X8_U:
0x0042	0x0008      	RETURN
; end of _Div_8X8_U
_mask:
;mask.c,1 :: 		unsigned short mask(unsigned short num){
;mask.c,3 :: 		switch(num){
0x0043	0x2864      	GOTO       L_mask0
;mask.c,4 :: 		case 0: return 0x3F; // 0011 1111 = dp g f e d c b a
L_mask2:
0x0044	0x303F      	MOVLW      63
0x0045	0x1283      	BCF        STATUS, 5
0x0046	0x1303      	BCF        STATUS, 6
0x0047	0x00F0      	MOVWF      R0
0x0048	0x288E      	GOTO       L_end_mask
;mask.c,5 :: 		case 1: return 0x06;
L_mask3:
0x0049	0x3006      	MOVLW      6
0x004A	0x00F0      	MOVWF      R0
0x004B	0x288E      	GOTO       L_end_mask
;mask.c,6 :: 		case 2: return 0x5B;
L_mask4:
0x004C	0x305B      	MOVLW      91
0x004D	0x00F0      	MOVWF      R0
0x004E	0x288E      	GOTO       L_end_mask
;mask.c,7 :: 		case 3: return 0x4F;
L_mask5:
0x004F	0x304F      	MOVLW      79
0x0050	0x00F0      	MOVWF      R0
0x0051	0x288E      	GOTO       L_end_mask
;mask.c,8 :: 		case 4: return 0x66;
L_mask6:
0x0052	0x3066      	MOVLW      102
0x0053	0x00F0      	MOVWF      R0
0x0054	0x288E      	GOTO       L_end_mask
;mask.c,9 :: 		case 5: return 0x6D;
L_mask7:
0x0055	0x306D      	MOVLW      109
0x0056	0x00F0      	MOVWF      R0
0x0057	0x288E      	GOTO       L_end_mask
;mask.c,10 :: 		case 6: return 0x7D;
L_mask8:
0x0058	0x307D      	MOVLW      125
0x0059	0x00F0      	MOVWF      R0
0x005A	0x288E      	GOTO       L_end_mask
;mask.c,11 :: 		case 7: return 0x07;
L_mask9:
0x005B	0x3007      	MOVLW      7
0x005C	0x00F0      	MOVWF      R0
0x005D	0x288E      	GOTO       L_end_mask
;mask.c,12 :: 		case 8: return 0x7F;
L_mask10:
0x005E	0x307F      	MOVLW      127
0x005F	0x00F0      	MOVWF      R0
0x0060	0x288E      	GOTO       L_end_mask
;mask.c,13 :: 		case 9: return 0x6F;
L_mask11:
0x0061	0x306F      	MOVLW      111
0x0062	0x00F0      	MOVWF      R0
0x0063	0x288E      	GOTO       L_end_mask
;mask.c,14 :: 		}
L_mask0:
0x0064	0x1283      	BCF        STATUS, 5
0x0065	0x1303      	BCF        STATUS, 6
0x0066	0x082A      	MOVF       FARG_mask_num, 0
0x0067	0x3A00      	XORLW      0
0x0068	0x1903      	BTFSC      STATUS, 2
0x0069	0x2844      	GOTO       L_mask2
0x006A	0x082A      	MOVF       FARG_mask_num, 0
0x006B	0x3A01      	XORLW      1
0x006C	0x1903      	BTFSC      STATUS, 2
0x006D	0x2849      	GOTO       L_mask3
0x006E	0x082A      	MOVF       FARG_mask_num, 0
0x006F	0x3A02      	XORLW      2
0x0070	0x1903      	BTFSC      STATUS, 2
0x0071	0x284C      	GOTO       L_mask4
0x0072	0x082A      	MOVF       FARG_mask_num, 0
0x0073	0x3A03      	XORLW      3
0x0074	0x1903      	BTFSC      STATUS, 2
0x0075	0x284F      	GOTO       L_mask5
0x0076	0x082A      	MOVF       FARG_mask_num, 0
0x0077	0x3A04      	XORLW      4
0x0078	0x1903      	BTFSC      STATUS, 2
0x0079	0x2852      	GOTO       L_mask6
0x007A	0x082A      	MOVF       FARG_mask_num, 0
0x007B	0x3A05      	XORLW      5
0x007C	0x1903      	BTFSC      STATUS, 2
0x007D	0x2855      	GOTO       L_mask7
0x007E	0x082A      	MOVF       FARG_mask_num, 0
0x007F	0x3A06      	XORLW      6
0x0080	0x1903      	BTFSC      STATUS, 2
0x0081	0x2858      	GOTO       L_mask8
0x0082	0x082A      	MOVF       FARG_mask_num, 0
0x0083	0x3A07      	XORLW      7
0x0084	0x1903      	BTFSC      STATUS, 2
0x0085	0x285B      	GOTO       L_mask9
0x0086	0x082A      	MOVF       FARG_mask_num, 0
0x0087	0x3A08      	XORLW      8
0x0088	0x1903      	BTFSC      STATUS, 2
0x0089	0x285E      	GOTO       L_mask10
0x008A	0x082A      	MOVF       FARG_mask_num, 0
0x008B	0x3A09      	XORLW      9
0x008C	0x1903      	BTFSC      STATUS, 2
0x008D	0x2861      	GOTO       L_mask11
;mask.c,15 :: 		}
L_end_mask:
0x008E	0x0008      	RETURN
; end of _mask
___CC2DW:
;__Lib_System.c,134 :: 		
;__Lib_System.c,137 :: 		
_CC2D_Loop1:
;__Lib_System.c,139 :: 		
0x008F	0x202B      	CALL       _____DoICP
0x0090	0x118A      	BCF        PCLATH, 3
0x0091	0x120A      	BCF        PCLATH, 4
;__Lib_System.c,141 :: 		
0x0092	0x0080      	MOVWF      INDF
;__Lib_System.c,142 :: 		
0x0093	0x0A84      	INCF       FSR, 1
;__Lib_System.c,143 :: 		
0x0094	0x0AA1      	INCF       ___DoICPAddr, 1
;__Lib_System.c,145 :: 		
0x0095	0x1903      	BTFSC      STATUS, 2
;__Lib_System.c,146 :: 		
0x0096	0x0AA2      	INCF       ___DoICPAddr+1, 1
;__Lib_System.c,147 :: 		
0x0097	0x03F0      	DECF       R0, 1
;__Lib_System.c,149 :: 		
0x0098	0x1D03      	BTFSS      STATUS, 2
;__Lib_System.c,150 :: 		
0x0099	0x288F      	GOTO       _CC2D_Loop1
;__Lib_System.c,152 :: 		
L_end___CC2DW:
0x009A	0x0008      	RETURN
; end of ___CC2DW
_main:
;deney9.c,51 :: 		void main() {
;deney9.c,53 :: 		OPTION_REG = 0x80; // TMR0 için gerekli
0x009B	0x3080      	MOVLW      128
0x009C	0x1683      	BSF        STATUS, 5
0x009D	0x1303      	BCF        STATUS, 6
0x009E	0x0081      	MOVWF      OPTION_REG
;deney9.c,55 :: 		TMR0 = 0;
0x009F	0x1283      	BCF        STATUS, 5
0x00A0	0x0181      	CLRF       TMR0
;deney9.c,57 :: 		INTCON = 0xA0; // Tüm unmasked kesmeler ile TMR0 kesmesi aktifleþtirilir. (GIE ve T0IE)
0x00A1	0x30A0      	MOVLW      160
0x00A2	0x008B      	MOVWF      INTCON
;deney9.c,59 :: 		PORTA = 0;
0x00A3	0x0185      	CLRF       PORTA
;deney9.c,60 :: 		TRISA = 0;
0x00A4	0x1683      	BSF        STATUS, 5
0x00A5	0x0185      	CLRF       TRISA
;deney9.c,62 :: 		PORTD = 0;
0x00A6	0x1283      	BCF        STATUS, 5
0x00A7	0x0188      	CLRF       PORTD
;deney9.c,63 :: 		TRISD = 0;
0x00A8	0x1683      	BSF        STATUS, 5
0x00A9	0x0188      	CLRF       TRISD
;deney9.c,65 :: 		do{
L_main2:
;deney9.c,67 :: 		for(i=0;i<=99;i++){
0x00AA	0x1283      	BCF        STATUS, 5
0x00AB	0x01A3      	CLRF       _i
L_main5:
0x00AC	0x0823      	MOVF       _i, 0
0x00AD	0x3C63      	SUBLW      99
0x00AE	0x1C03      	BTFSS      STATUS, 0
0x00AF	0x28E3      	GOTO       L_main6
;deney9.c,69 :: 		digit = i % 10u; // birler basamaðýný aldýk.
0x00B0	0x300A      	MOVLW      10
0x00B1	0x00F4      	MOVWF      R4
0x00B2	0x0823      	MOVF       _i, 0
0x00B3	0x00F0      	MOVWF      R0
0x00B4	0x2032      	CALL       _Div_8X8_U
0x00B5	0x0878      	MOVF       R8, 0
0x00B6	0x00F0      	MOVWF      R0
0x00B7	0x0870      	MOVF       R0, 0
0x00B8	0x00A4      	MOVWF      _digit
;deney9.c,71 :: 		digit1 = mask(digit);
0x00B9	0x0870      	MOVF       R0, 0
0x00BA	0x00AA      	MOVWF      FARG_mask_num
0x00BB	0x2043      	CALL       _mask
0x00BC	0x1283      	BCF        STATUS, 5
0x00BD	0x1303      	BCF        STATUS, 6
0x00BE	0x0870      	MOVF       R0, 0
0x00BF	0x00A6      	MOVWF      _digit1
;deney9.c,73 :: 		digit = (char)(i / 10u) % 10u;                 //bellekte char olarak saklanýyormuþ.
0x00C0	0x300A      	MOVLW      10
0x00C1	0x00F4      	MOVWF      R4
0x00C2	0x0823      	MOVF       _i, 0
0x00C3	0x00F0      	MOVWF      R0
0x00C4	0x2032      	CALL       _Div_8X8_U
0x00C5	0x300A      	MOVLW      10
0x00C6	0x00F4      	MOVWF      R4
0x00C7	0x2032      	CALL       _Div_8X8_U
0x00C8	0x0878      	MOVF       R8, 0
0x00C9	0x00F0      	MOVWF      R0
0x00CA	0x0870      	MOVF       R0, 0
0x00CB	0x00A4      	MOVWF      _digit
;deney9.c,75 :: 		digit10 = mask(digit);
0x00CC	0x0870      	MOVF       R0, 0
0x00CD	0x00AA      	MOVWF      FARG_mask_num
0x00CE	0x2043      	CALL       _mask
0x00CF	0x1283      	BCF        STATUS, 5
0x00D0	0x1303      	BCF        STATUS, 6
0x00D1	0x0870      	MOVF       R0, 0
0x00D2	0x00A7      	MOVWF      _digit10
;deney9.c,77 :: 		delay_ms(1000);
0x00D3	0x300B      	MOVLW      11
0x00D4	0x00FB      	MOVWF      R11
0x00D5	0x3026      	MOVLW      38
0x00D6	0x00FC      	MOVWF      R12
0x00D7	0x305D      	MOVLW      93
0x00D8	0x00FD      	MOVWF      R13
L_main8:
0x00D9	0x0BFD      	DECFSZ     R13, 1
0x00DA	0x28D9      	GOTO       L_main8
0x00DB	0x0BFC      	DECFSZ     R12, 1
0x00DC	0x28D9      	GOTO       L_main8
0x00DD	0x0BFB      	DECFSZ     R11, 1
0x00DE	0x28D9      	GOTO       L_main8
0x00DF	0x0000      	NOP
0x00E0	0x0000      	NOP
;deney9.c,67 :: 		for(i=0;i<=99;i++){
0x00E1	0x0AA3      	INCF       _i, 1
;deney9.c,79 :: 		}
0x00E2	0x28AC      	GOTO       L_main5
L_main6:
;deney9.c,81 :: 		}while(1);
0x00E3	0x28AA      	GOTO       L_main2
;deney9.c,83 :: 		}
L_end_main:
0x00E4	0x28E4      	GOTO       $+0
; end of _main
Symbol List:
//** Routines locations **
//ADDRESS    SIZE    PROCEDURE
//----------------------------------------------
0x0004      [39]    _interrupt
0x002B       [7]    _____DoICP
0x0032      [17]    _Div_8X8_U
0x0043      [76]    _mask
0x008F      [12]    ___CC2DW
0x009B      [74]    _main
//** Variables locations ** 
//ADDRESS    SIZE    VARIABLE
//----------------------------------------------
0x0000       [1]    INDF
0x0001       [1]    TMR0
0x0002       [1]    PCL
0x0003       [1]    STATUS
0x0004       [1]    FSR
0x0005       [1]    PORTA
0x0008       [1]    PORTD
0x000A       [1]    PCLATH
0x000B       [1]    INTCON
0x0021       [2]    ___DoICPAddr
0x0023       [1]    _i
0x0024       [1]    _digit
0x0025       [1]    _digit_no
0x0026       [1]    _digit1
0x0027       [1]    _digit10
0x0028       [1]    ___saveSTATUS
0x0029       [1]    ___savePCLATH
0x002A       [1]    FARG_mask_num
0x0070       [1]    R0
0x0071       [1]    R1
0x0072       [1]    R2
0x0073       [1]    R3
0x0074       [1]    R4
0x0075       [1]    R5
0x0076       [1]    R6
0x0077       [1]    R7
0x0078       [1]    R8
0x0079       [1]    R9
0x007A       [1]    R10
0x007B       [1]    R11
0x007C       [1]    R12
0x007D       [1]    R13
0x007E       [1]    R14
0x007F       [1]    R15
0x0081       [1]    OPTION_REG
0x0085       [1]    TRISA
0x0088       [1]    TRISD
