;  LST file generated by mikroListExporter - v.2.0 
; Date/Time: 10.01.2021 15:46:00
;----------------------------------------------

;Address Opcode 	ASM
0x0000	0x2858      	GOTO       88
_____DoICP:
;__Lib_System.c,6 :: 		
;__Lib_System.c,9 :: 		
0x0003	0x1283      	BCF        STATUS, 5
0x0004	0x1303      	BCF        STATUS, 6
0x0005	0x0827      	MOVF       ___DoICPAddr+1, 0
0x0006	0x008A      	MOVWF      PCLATH
;__Lib_System.c,10 :: 		
0x0007	0x0826      	MOVF       ___DoICPAddr, 0
0x0008	0x0082      	MOVWF      PCL
;__Lib_System.c,12 :: 		
L_end_____DoICP:
0x0009	0x0008      	RETURN
; end of _____DoICP
_UART1_Write:
;__Lib_UART_c67.c,39 :: 		
;__Lib_UART_c67.c,40 :: 		
L_UART1_Write3:
0x000A	0x1683      	BSF        STATUS, 5
0x000B	0x1303      	BCF        STATUS, 6
0x000C	0x1898      	BTFSC      TXSTA, 1
0x000D	0x2810      	GOTO       L_UART1_Write4
;__Lib_UART_c67.c,41 :: 		
0x000E	0x0000      	NOP
0x000F	0x280A      	GOTO       L_UART1_Write3
L_UART1_Write4:
;__Lib_UART_c67.c,42 :: 		
0x0010	0x1283      	BCF        STATUS, 5
0x0011	0x082C      	MOVF       FARG_UART1_Write_data_, 0
0x0012	0x0099      	MOVWF      TXREG
;__Lib_UART_c67.c,43 :: 		
L_end_UART1_Write:
0x0013	0x0008      	RETURN
; end of _UART1_Write
_UART1_Init:
;__Lib_UART_c67.c,2 :: 		
;__Lib_UART_c67.c,5 :: 		
0x0014	0x1683      	BSF        STATUS, 5
0x0015	0x1303      	BCF        STATUS, 6
0x0016	0x1698      	BSF        TXSTA, 5
;__Lib_UART_c67.c,6 :: 		
0x0017	0x3090      	MOVLW      144
0x0018	0x1283      	BCF        STATUS, 5
0x0019	0x0098      	MOVWF      RCSTA
;__Lib_UART_c67.c,7 :: 		
0x001A	0x1683      	BSF        STATUS, 5
0x001B	0x1787      	BSF        TRISC7_bit, BitPos(TRISC7_bit+0)
;__Lib_UART_c67.c,8 :: 		
0x001C	0x1307      	BCF        TRISC6_bit, BitPos(TRISC6_bit+0)
;__Lib_UART_c67.c,10 :: 		
L_UART1_Init0:
0x001D	0x1283      	BCF        STATUS, 5
0x001E	0x1E8C      	BTFSS      PIR1, 5
0x001F	0x2823      	GOTO       L_UART1_Init1
;__Lib_UART_c67.c,11 :: 		
0x0020	0x081A      	MOVF       RCREG, 0
0x0021	0x00F0      	MOVWF      R0
0x0022	0x281D      	GOTO       L_UART1_Init0
L_UART1_Init1:
;__Lib_UART_c67.c,12 :: 		
L_end_UART1_Init:
0x0023	0x0008      	RETURN
; end of _UART1_Init
_UART1_Read:
;__Lib_UART_c67.c,21 :: 		
;__Lib_UART_c67.c,24 :: 		
0x0024	0x1283      	BCF        STATUS, 5
0x0025	0x1303      	BCF        STATUS, 6
0x0026	0x081A      	MOVF       RCREG, 0
0x0027	0x00F1      	MOVWF      R1
;__Lib_UART_c67.c,25 :: 		
0x0028	0x1C98      	BTFSS      RCSTA, 1
0x0029	0x282C      	GOTO       L_UART1_Read2
;__Lib_UART_c67.c,26 :: 		
0x002A	0x1218      	BCF        RCSTA, 4
;__Lib_UART_c67.c,27 :: 		
0x002B	0x1618      	BSF        RCSTA, 4
;__Lib_UART_c67.c,28 :: 		
L_UART1_Read2:
;__Lib_UART_c67.c,29 :: 		
0x002C	0x0871      	MOVF       R1, 0
0x002D	0x00F0      	MOVWF      R0
;__Lib_UART_c67.c,30 :: 		
L_end_UART1_Read:
0x002E	0x0008      	RETURN
; end of _UART1_Read
___CC2DW:
;__Lib_System.c,134 :: 		
;__Lib_System.c,137 :: 		
_CC2D_Loop1:
;__Lib_System.c,139 :: 		
0x002F	0x2003      	CALL       _____DoICP
0x0030	0x118A      	BCF        PCLATH, 3
0x0031	0x120A      	BCF        PCLATH, 4
;__Lib_System.c,141 :: 		
0x0032	0x0080      	MOVWF      INDF
;__Lib_System.c,142 :: 		
0x0033	0x0A84      	INCF       FSR, 1
;__Lib_System.c,143 :: 		
0x0034	0x0AA6      	INCF       ___DoICPAddr, 1
;__Lib_System.c,145 :: 		
0x0035	0x1903      	BTFSC      STATUS, 2
;__Lib_System.c,146 :: 		
0x0036	0x0AA7      	INCF       ___DoICPAddr+1, 1
;__Lib_System.c,147 :: 		
0x0037	0x03F0      	DECF       R0, 1
;__Lib_System.c,149 :: 		
0x0038	0x1D03      	BTFSS      STATUS, 2
;__Lib_System.c,150 :: 		
0x0039	0x282F      	GOTO       _CC2D_Loop1
;__Lib_System.c,152 :: 		
L_end___CC2DW:
0x003A	0x0008      	RETURN
; end of ___CC2DW
_UART1_Write_Text:
;__Lib_UART_c67.c,47 :: 		
;__Lib_UART_c67.c,48 :: 		
0x003B	0x1283      	BCF        STATUS, 5
0x003C	0x1303      	BCF        STATUS, 6
0x003D	0x01AB      	CLRF       UART1_Write_Text_counter_L0
;__Lib_UART_c67.c,50 :: 		
0x003E	0x0829      	MOVF       FARG_UART1_Write_Text_uart_text, 0
0x003F	0x0084      	MOVWF      FSR
0x0040	0x0800      	MOVF       INDF, 0
0x0041	0x00AA      	MOVWF      UART1_Write_Text_data__L0
;__Lib_UART_c67.c,51 :: 		
L_UART1_Write_Text5:
0x0042	0x082A      	MOVF       UART1_Write_Text_data__L0, 0
0x0043	0x3A00      	XORLW      0
0x0044	0x1903      	BTFSC      STATUS, 2
0x0045	0x2850      	GOTO       L_UART1_Write_Text6
;__Lib_UART_c67.c,52 :: 		
0x0046	0x082A      	MOVF       UART1_Write_Text_data__L0, 0
0x0047	0x00AC      	MOVWF      FARG_UART1_Write_data_
0x0048	0x200A      	CALL       _UART1_Write
;__Lib_UART_c67.c,53 :: 		
0x0049	0x0AAB      	INCF       UART1_Write_Text_counter_L0, 1
;__Lib_UART_c67.c,54 :: 		
0x004A	0x082B      	MOVF       UART1_Write_Text_counter_L0, 0
0x004B	0x0729      	ADDWF      FARG_UART1_Write_Text_uart_text, 0
0x004C	0x0084      	MOVWF      FSR
0x004D	0x0800      	MOVF       INDF, 0
0x004E	0x00AA      	MOVWF      UART1_Write_Text_data__L0
;__Lib_UART_c67.c,55 :: 		
0x004F	0x2842      	GOTO       L_UART1_Write_Text5
L_UART1_Write_Text6:
;__Lib_UART_c67.c,56 :: 		
L_end_UART1_Write_Text:
0x0050	0x0008      	RETURN
; end of _UART1_Write_Text
_UART1_Data_Ready:
;__Lib_UART_c67.c,16 :: 		
;__Lib_UART_c67.c,17 :: 		
0x0051	0x3000      	MOVLW      0
0x0052	0x1283      	BCF        STATUS, 5
0x0053	0x1303      	BCF        STATUS, 6
0x0054	0x1A8C      	BTFSC      PIR1, 5
0x0055	0x3001      	MOVLW      1
0x0056	0x00F0      	MOVWF      R0
;__Lib_UART_c67.c,18 :: 		
L_end_UART1_Data_Ready:
0x0057	0x0008      	RETURN
; end of _UART1_Data_Ready
_main:
0x0058	0x3053      	MOVLW      83
0x0059	0x1283      	BCF        STATUS, 5
0x005A	0x1303      	BCF        STATUS, 6
0x005B	0x00A0      	MOVWF      ?lstr1_deney11m
0x005C	0x3074      	MOVLW      116
0x005D	0x00A1      	MOVWF      33
0x005E	0x3061      	MOVLW      97
0x005F	0x00A2      	MOVWF      34
0x0060	0x3072      	MOVLW      114
0x0061	0x00A3      	MOVWF      35
0x0062	0x3074      	MOVLW      116
0x0063	0x00A4      	MOVWF      36
0x0064	0x01A5      	CLRF       37
;deney11m.c,16 :: 		void main() {
;deney11m.c,18 :: 		ANSEL = 0;
0x0065	0x1683      	BSF        STATUS, 5
0x0066	0x1703      	BSF        STATUS, 6
0x0067	0x0188      	CLRF       ANSEL
;deney11m.c,19 :: 		ANSELH = 0;
0x0068	0x0189      	CLRF       ANSELH
;deney11m.c,21 :: 		UART1_Init(9600); // Baud Rate 9600bps olacak.
0x0069	0x3033      	MOVLW      51
0x006A	0x1303      	BCF        STATUS, 6
0x006B	0x0099      	MOVWF      SPBRG
0x006C	0x1518      	BSF        TXSTA, 2
0x006D	0x2014      	CALL       _UART1_Init
;deney11m.c,23 :: 		Delay_ms(100);
0x006E	0x3002      	MOVLW      2
0x006F	0x00FB      	MOVWF      R11
0x0070	0x3004      	MOVLW      4
0x0071	0x00FC      	MOVWF      R12
0x0072	0x30BA      	MOVLW      186
0x0073	0x00FD      	MOVWF      R13
L_main0:
0x0074	0x0BFD      	DECFSZ     R13, 1
0x0075	0x2874      	GOTO       L_main0
0x0076	0x0BFC      	DECFSZ     R12, 1
0x0077	0x2874      	GOTO       L_main0
0x0078	0x0BFB      	DECFSZ     R11, 1
0x0079	0x2874      	GOTO       L_main0
0x007A	0x0000      	NOP
;deney11m.c,25 :: 		UART1_Write_Text("Start"); // start yazýsý gönderdik
0x007B	0x3020      	MOVLW      ?lstr1_deney11m
0x007C	0x00A9      	MOVWF      FARG_UART1_Write_Text_uart_text
0x007D	0x203B      	CALL       _UART1_Write_Text
;deney11m.c,27 :: 		UART1_Write(10); // 10 deðeri gönderdik.
0x007E	0x300A      	MOVLW      10
0x007F	0x00AC      	MOVWF      FARG_UART1_Write_data_
0x0080	0x200A      	CALL       _UART1_Write
;deney11m.c,29 :: 		UART1_Write(13); // 13 deðeri gönderdik.
0x0081	0x300D      	MOVLW      13
0x0082	0x00AC      	MOVWF      FARG_UART1_Write_data_
0x0083	0x200A      	CALL       _UART1_Write
;deney11m.c,31 :: 		while(1){
L_main1:
;deney11m.c,33 :: 		if(UART1_Data_Ready()){
0x0084	0x2051      	CALL       _UART1_Data_Ready
0x0085	0x0870      	MOVF       R0, 0
0x0086	0x1903      	BTFSC      STATUS, 2
0x0087	0x288E      	GOTO       L_main3
;deney11m.c,35 :: 		uart_rd = UART1_Read();
0x0088	0x2024      	CALL       _UART1_Read
0x0089	0x0870      	MOVF       R0, 0
0x008A	0x00A8      	MOVWF      _uart_rd
;deney11m.c,37 :: 		UART1_Write(uart_rd);
0x008B	0x0870      	MOVF       R0, 0
0x008C	0x00AC      	MOVWF      FARG_UART1_Write_data_
0x008D	0x200A      	CALL       _UART1_Write
;deney11m.c,41 :: 		}
L_main3:
;deney11m.c,43 :: 		}
0x008E	0x2884      	GOTO       L_main1
;deney11m.c,45 :: 		}
L_end_main:
0x008F	0x288F      	GOTO       $+0
; end of _main
Symbol List:
//** Routines locations **
//ADDRESS    SIZE    PROCEDURE
//----------------------------------------------
0x0003       [7]    _____DoICP
0x000A      [10]    _UART1_Write
0x0014      [16]    _UART1_Init
0x0024      [11]    _UART1_Read
0x002F      [12]    ___CC2DW
0x003B      [22]    _UART1_Write_Text
0x0051       [7]    _UART1_Data_Ready
0x0058      [56]    _main
//** Variables locations ** 
//ADDRESS    SIZE    VARIABLE
//----------------------------------------------
0x0000       [1]    INDF
0x0002       [1]    PCL
0x0003       [1]    STATUS
0x0004       [1]    FSR
0x000A       [1]    PCLATH
0x000C       [1]    PIR1
0x0018       [1]    RCSTA
0x0019       [1]    TXREG
0x001A       [1]    RCREG
0x0020       [6]    ?lstr1_deney11m
0x0026       [2]    ___DoICPAddr
0x0028       [1]    _uart_rd
0x0029       [1]    FARG_UART1_Write_Text_uart_text
0x002A       [1]    UART1_Write_Text_data__L0
0x002B       [1]    UART1_Write_Text_counter_L0
0x002C       [1]    FARG_UART1_Write_data_
0x0070       [1]    R0
0x0071       [1]    R1
0x0072       [1]    R2
0x0073       [1]    R3
0x0074       [1]    R4
0x0075       [1]    R5
0x0076       [1]    R6
0x0077       [1]    R7
0x0078       [1]    R8
0x0079       [1]    R9
0x007A       [1]    R10
0x007B       [1]    R11
0x007C       [1]    R12
0x007D       [1]    R13
0x007E       [1]    R14
0x007F       [1]    R15
0x0087       [0]    TRISC6_bit
0x0087       [0]    TRISC7_bit
0x0098       [1]    TXSTA
0x0099       [1]    SPBRG
0x009A       [1]    SPBRGH
0x0188       [1]    ANSEL
0x0189       [1]    ANSELH
