;  LST file generated by mikroListExporter - v.2.0 
; Date/Time: 17.12.2020 20:23:11
;----------------------------------------------

;Address Opcode 	ASM
0x0000	0x2844      	GOTO       68
_____DoICP:
;__Lib_System.c,6 :: 		
;__Lib_System.c,9 :: 		
0x0003	0x1283      	BCF        STATUS, 5
0x0004	0x1303      	BCF        STATUS, 6
0x0005	0x0824      	MOVF       ___DoICPAddr+1, 0
0x0006	0x008A      	MOVWF      PCLATH
;__Lib_System.c,10 :: 		
0x0007	0x0823      	MOVF       ___DoICPAddr, 0
0x0008	0x0082      	MOVWF      PCL
;__Lib_System.c,12 :: 		
L_end_____DoICP:
0x0009	0x0008      	RETURN
; end of _____DoICP
_Delay_22us:
;__Lib_Delays.c,15 :: 		void Delay_22us() {
;__Lib_Delays.c,16 :: 		Delay_us(22);
0x000A	0x300E      	MOVLW      14
0x000B	0x1283      	BCF        STATUS, 5
0x000C	0x1303      	BCF        STATUS, 6
0x000D	0x00FD      	MOVWF      R13
L_Delay_22us1:
0x000E	0x0BFD      	DECFSZ     R13, 1
0x000F	0x280E      	GOTO       L_Delay_22us1
0x0010	0x0000      	NOP
;__Lib_Delays.c,17 :: 		}
L_end_Delay_22us:
0x0011	0x0008      	RETURN
; end of _Delay_22us
_ADC_Read:
;__Lib_ADC_88X.c,78 :: 		
;__Lib_ADC_88X.c,80 :: 		
0x0012	0x30C3      	MOVLW      195
0x0013	0x1283      	BCF        STATUS, 5
0x0014	0x1303      	BCF        STATUS, 6
0x0015	0x059F      	ANDWF      ADCON0, 1
;__Lib_ADC_88X.c,84 :: 		
0x0016	0x30C0      	MOVLW      192
0x0017	0x009F      	MOVWF      ADCON0
;__Lib_ADC_88X.c,85 :: 		
0x0018	0x0825      	MOVF       FARG_ADC_Read_channel, 0
0x0019	0x00F0      	MOVWF      R0
0x001A	0x0DF0      	RLF        R0, 1
0x001B	0x1070      	BCF        R0, 0
0x001C	0x0DF0      	RLF        R0, 1
0x001D	0x1070      	BCF        R0, 0
0x001E	0x0870      	MOVF       R0, 0
0x001F	0x049F      	IORWF      ADCON0, 1
;__Lib_ADC_88X.c,86 :: 		
0x0020	0x0920      	COMF       _vref_mask, 0
0x0021	0x00F0      	MOVWF      R0
0x0022	0x0870      	MOVF       R0, 0
0x0023	0x1683      	BSF        STATUS, 5
0x0024	0x059F      	ANDWF      ADCON1, 1
;__Lib_ADC_88X.c,87 :: 		
0x0025	0x179F      	BSF        ADCON1, 7
;__Lib_ADC_88X.c,90 :: 		
0x0026	0x1283      	BCF        STATUS, 5
0x0027	0x141F      	BSF        ADCON0, 0
;__Lib_ADC_88X.c,93 :: 		
0x0028	0x200A      	CALL       _Delay_22us
;__Lib_ADC_88X.c,96 :: 		
0x0029	0x149F      	BSF        ADCON0, 1
;__Lib_ADC_88X.c,99 :: 		
L_ADC_Read2:
0x002A	0x1C9F      	BTFSS      ADCON0, 1
0x002B	0x282E      	GOTO       L_ADC_Read3
;__Lib_ADC_88X.c,100 :: 		
0x002C	0x0000      	NOP
0x002D	0x282A      	GOTO       L_ADC_Read2
L_ADC_Read3:
;__Lib_ADC_88X.c,103 :: 		
0x002E	0x101F      	BCF        ADCON0, 0
;__Lib_ADC_88X.c,106 :: 		
0x002F	0x081E      	MOVF       ADRESH, 0
0x0030	0x00F1      	MOVWF      R0+1
0x0031	0x01F0      	CLRF       R0
0x0032	0x1683      	BSF        STATUS, 5
0x0033	0x081E      	MOVF       ADRESL, 0
0x0034	0x04F0      	IORWF      R0, 1
0x0035	0x3000      	MOVLW      0
0x0036	0x04F1      	IORWF      R0+1, 1
;__Lib_ADC_88X.c,107 :: 		
L_end_ADC_Read:
0x0037	0x0008      	RETURN
; end of _ADC_Read
___CC2DW:
;__Lib_System.c,134 :: 		
;__Lib_System.c,137 :: 		
_CC2D_Loop1:
;__Lib_System.c,139 :: 		
0x0038	0x2003      	CALL       _____DoICP
0x0039	0x118A      	BCF        PCLATH, 3
0x003A	0x120A      	BCF        PCLATH, 4
;__Lib_System.c,141 :: 		
0x003B	0x0080      	MOVWF      INDF
;__Lib_System.c,142 :: 		
0x003C	0x0A84      	INCF       FSR, 1
;__Lib_System.c,143 :: 		
0x003D	0x0AA3      	INCF       ___DoICPAddr, 1
;__Lib_System.c,145 :: 		
0x003E	0x1903      	BTFSC      STATUS, 2
;__Lib_System.c,146 :: 		
0x003F	0x0AA4      	INCF       ___DoICPAddr+1, 1
;__Lib_System.c,147 :: 		
0x0040	0x03F0      	DECF       R0, 1
;__Lib_System.c,149 :: 		
0x0041	0x1D03      	BTFSS      STATUS, 2
;__Lib_System.c,150 :: 		
0x0042	0x2838      	GOTO       _CC2D_Loop1
;__Lib_System.c,152 :: 		
L_end___CC2DW:
0x0043	0x0008      	RETURN
; end of ___CC2DW
_main:
0x0044	0x2072      	CALL       114
;deney7.c,12 :: 		void main() {
;deney7.c,14 :: 		ANSEL = 0x04; // 000 0100 = RA2 (AN2) analog
0x0045	0x3004      	MOVLW      4
0x0046	0x1683      	BSF        STATUS, 5
0x0047	0x1703      	BSF        STATUS, 6
0x0048	0x0088      	MOVWF      ANSEL
;deney7.c,16 :: 		TRISA = 0xFF; // A portu tamamen input
0x0049	0x30FF      	MOVLW      255
0x004A	0x1303      	BCF        STATUS, 6
0x004B	0x0085      	MOVWF      TRISA
;deney7.c,18 :: 		ANSELH = 0; // diðerleri dijital olsa da olur.
0x004C	0x1703      	BSF        STATUS, 6
0x004D	0x0189      	CLRF       ANSELH
;deney7.c,20 :: 		TRISB = 0x3F; // 0011 1111 = RB6 ve RB7 çýktý.
0x004E	0x303F      	MOVLW      63
0x004F	0x0086      	MOVWF      TRISB
;deney7.c,22 :: 		TRISD = 0;
0x0050	0x1303      	BCF        STATUS, 6
0x0051	0x0188      	CLRF       TRISD
;deney7.c,24 :: 		do{
L_main0:
;deney7.c,26 :: 		temp_res = ADC_Read(2); //hangi kanalý kullanacaðýmýzý söyledik. dijital olarak sakladýk deðeri.
0x0052	0x3002      	MOVLW      2
0x0053	0x1283      	BCF        STATUS, 5
0x0054	0x00A5      	MOVWF      FARG_ADC_Read_channel
0x0055	0x2012      	CALL       _ADC_Read
0x0056	0x0870      	MOVF       R0, 0
0x0057	0x1283      	BCF        STATUS, 5
0x0058	0x00A1      	MOVWF      _temp_res
0x0059	0x0871      	MOVF       R0+1, 0
0x005A	0x00A2      	MOVWF      _temp_res+1
;deney7.c,28 :: 		PORTD = temp_res; // 11 (1111 1111)
0x005B	0x0870      	MOVF       R0, 0
0x005C	0x0088      	MOVWF      PORTD
;deney7.c,30 :: 		PORTB = temp_res >> 2; // (111111 1111) 11 portd ye sýðmayan 2 biti saða kaydýrarak portb ye yazdýk.
0x005D	0x0870      	MOVF       R0, 0
0x005E	0x00F2      	MOVWF      R2
0x005F	0x0871      	MOVF       R0+1, 0
0x0060	0x00F3      	MOVWF      R2+1
0x0061	0x0CF3      	RRF        R2+1, 1
0x0062	0x0CF2      	RRF        R2, 1
0x0063	0x13F3      	BCF        R2+1, 7
0x0064	0x0CF3      	RRF        R2+1, 1
0x0065	0x0CF2      	RRF        R2, 1
0x0066	0x13F3      	BCF        R2+1, 7
0x0067	0x0872      	MOVF       R2, 0
0x0068	0x0086      	MOVWF      PORTB
;deney7.c,32 :: 		}while(1);
0x0069	0x2852      	GOTO       L_main0
;deney7.c,36 :: 		}
L_end_main:
0x006A	0x286A      	GOTO       $+0
; end of _main
0x0072	0x3020      	MOVLW      32
0x0073	0x0084      	MOVWF      FSR
0x0074	0x3001      	MOVLW      1
0x0075	0x1283      	BCF        STATUS, 5
0x0076	0x1303      	BCF        STATUS, 6
0x0077	0x00F0      	MOVWF      R0
0x0078	0x3070      	MOVLW      112
0x0079	0x00A3      	MOVWF      ___DoICPAddr
0x007A	0x3000      	MOVLW      0
0x007B	0x00A4      	MOVWF      36
0x007C	0x2038      	CALL       56
0x007D	0x0008      	RETURN
;__Lib_ADC_88X.c,0 :: ?ICS_vref_mask
0x0070	0x3430 ;?ICS_vref_mask+0
; end of ?ICS_vref_mask
Symbol List:
//** Routines locations **
//ADDRESS    SIZE    PROCEDURE
//----------------------------------------------
0x0003       [7]    _____DoICP
0x000A       [8]    _Delay_22us
0x0012      [38]    _ADC_Read
0x0038      [12]    ___CC2DW
0x0044      [38]    _main
//** Variables locations ** 
//ADDRESS    SIZE    VARIABLE
//----------------------------------------------
0x0000       [1]    INDF
0x0002       [1]    PCL
0x0003       [1]    STATUS
0x0004       [1]    FSR
0x0006       [1]    PORTB
0x0008       [1]    PORTD
0x000A       [1]    PCLATH
0x001E       [1]    ADRESH
0x001F       [1]    ADCON0
0x0020       [1]    _vref_mask
0x0021       [2]    _temp_res
0x0023       [2]    ___DoICPAddr
0x0025       [1]    FARG_ADC_Read_channel
0x0070       [1]    R0
0x0071       [1]    R1
0x0072       [1]    R2
0x0073       [1]    R3
0x0074       [1]    R4
0x0075       [1]    R5
0x0076       [1]    R6
0x0077       [1]    R7
0x0078       [1]    R8
0x0079       [1]    R9
0x007A       [1]    R10
0x007B       [1]    R11
0x007C       [1]    R12
0x007D       [1]    R13
0x007E       [1]    R14
0x007F       [1]    R15
0x0085       [1]    TRISA
0x0086       [1]    TRISB
0x0088       [1]    TRISD
0x009E       [1]    ADRESL
0x009F       [1]    ADCON1
0x0188       [1]    ANSEL
0x0189       [1]    ANSELH
//** Constants locations ** 
//ADDRESS    SIZE    CONSTANT
//----------------------------------------------
0x0070       [1]    ?ICS_vref_mask
