;  LST file generated by mikroListExporter - v.2.0 
; Date/Time: 23.01.2021 05:03:42
;----------------------------------------------

;Address Opcode 	ASM
0x0000	0x2B13      	GOTO       787
_Delay_50us:
;__Lib_Delays.c,19 :: 		void Delay_50us() {
;__Lib_Delays.c,20 :: 		Delay_us(50);
0x0003	0x3021      	MOVLW      33
0x0004	0x1283      	BCF        STATUS, 5
0x0005	0x1303      	BCF        STATUS, 6
0x0006	0x00FD      	MOVWF      R13
L_Delay_50us2:
0x0007	0x0BFD      	DECFSZ     R13, 1
0x0008	0x2807      	GOTO       L_Delay_50us2
;__Lib_Delays.c,21 :: 		}
L_end_Delay_50us:
0x0009	0x0008      	RETURN
; end of _Delay_50us
_Delay_5500us:
;__Lib_Delays.c,31 :: 		void Delay_5500us() {
;__Lib_Delays.c,32 :: 		Delay_us(5500);
0x000A	0x300F      	MOVLW      15
0x000B	0x1283      	BCF        STATUS, 5
0x000C	0x1303      	BCF        STATUS, 6
0x000D	0x00FC      	MOVWF      R12
0x000E	0x3047      	MOVLW      71
0x000F	0x00FD      	MOVWF      R13
L_Delay_5500us5:
0x0010	0x0BFD      	DECFSZ     R13, 1
0x0011	0x2810      	GOTO       L_Delay_5500us5
0x0012	0x0BFC      	DECFSZ     R12, 1
0x0013	0x2810      	GOTO       L_Delay_5500us5
0x0014	0x0000      	NOP
0x0015	0x0000      	NOP
;__Lib_Delays.c,33 :: 		}
L_end_Delay_5500us:
0x0016	0x0008      	RETURN
; end of _Delay_5500us
_Delay_1us:
;__Lib_Delays.c,7 :: 		void Delay_1us() {
;__Lib_Delays.c,8 :: 		Delay_us(1);
0x0017	0x0000      	NOP
0x0018	0x0000      	NOP
;__Lib_Delays.c,9 :: 		}
L_end_Delay_1us:
0x0019	0x0008      	RETURN
; end of _Delay_1us
_Lcd_Cmd:
;__Lib_Lcd.c,18 :: 		
;__Lib_Lcd.c,20 :: 		
0x001A	0x1283      	BCF        STATUS, 5
0x001B	0x1303      	BCF        STATUS, 6
0x001C	0x1BC8      	BTFSC      FARG_Lcd_Cmd_out_char, 7
0x001D	0x2820      	GOTO       L__Lcd_Cmd21
0x001E	0x1186      	BCF        LCD_D7, BitPos(LCD_D7+0)
0x001F	0x2821      	GOTO       L__Lcd_Cmd22
L__Lcd_Cmd21:
0x0020	0x1586      	BSF        LCD_D7, BitPos(LCD_D7+0)
L__Lcd_Cmd22:
;__Lib_Lcd.c,21 :: 		
0x0021	0x1B48      	BTFSC      FARG_Lcd_Cmd_out_char, 6
0x0022	0x2825      	GOTO       L__Lcd_Cmd23
0x0023	0x1106      	BCF        LCD_D6, BitPos(LCD_D6+0)
0x0024	0x2826      	GOTO       L__Lcd_Cmd24
L__Lcd_Cmd23:
0x0025	0x1506      	BSF        LCD_D6, BitPos(LCD_D6+0)
L__Lcd_Cmd24:
;__Lib_Lcd.c,22 :: 		
0x0026	0x1AC8      	BTFSC      FARG_Lcd_Cmd_out_char, 5
0x0027	0x282A      	GOTO       L__Lcd_Cmd25
0x0028	0x1086      	BCF        LCD_D5, BitPos(LCD_D5+0)
0x0029	0x282B      	GOTO       L__Lcd_Cmd26
L__Lcd_Cmd25:
0x002A	0x1486      	BSF        LCD_D5, BitPos(LCD_D5+0)
L__Lcd_Cmd26:
;__Lib_Lcd.c,23 :: 		
0x002B	0x1A48      	BTFSC      FARG_Lcd_Cmd_out_char, 4
0x002C	0x282F      	GOTO       L__Lcd_Cmd27
0x002D	0x1006      	BCF        LCD_D4, BitPos(LCD_D4+0)
0x002E	0x2830      	GOTO       L__Lcd_Cmd28
L__Lcd_Cmd27:
0x002F	0x1406      	BSF        LCD_D4, BitPos(LCD_D4+0)
L__Lcd_Cmd28:
;__Lib_Lcd.c,25 :: 		
0x0030	0x1838      	BTFSC      __Lib_Lcd_cmd_status, BitPos(__Lib_Lcd_cmd_status+0)
0x0031	0x2834      	GOTO       L__Lcd_Cmd29
0x0032	0x1606      	BSF        LCD_RS, BitPos(LCD_RS+0)
0x0033	0x2835      	GOTO       L__Lcd_Cmd30
L__Lcd_Cmd29:
0x0034	0x1206      	BCF        LCD_RS, BitPos(LCD_RS+0)
L__Lcd_Cmd30:
;__Lib_Lcd.c,28 :: 		
0x0035	0x1686      	BSF        LCD_EN, BitPos(LCD_EN+0)
;__Lib_Lcd.c,29 :: 		
0x0036	0x2017      	CALL       _Delay_1us
;__Lib_Lcd.c,30 :: 		
0x0037	0x1286      	BCF        LCD_EN, BitPos(LCD_EN+0)
;__Lib_Lcd.c,33 :: 		
0x0038	0x19C8      	BTFSC      FARG_Lcd_Cmd_out_char, 3
0x0039	0x283C      	GOTO       L__Lcd_Cmd31
0x003A	0x1186      	BCF        LCD_D7, BitPos(LCD_D7+0)
0x003B	0x283D      	GOTO       L__Lcd_Cmd32
L__Lcd_Cmd31:
0x003C	0x1586      	BSF        LCD_D7, BitPos(LCD_D7+0)
L__Lcd_Cmd32:
;__Lib_Lcd.c,34 :: 		
0x003D	0x1948      	BTFSC      FARG_Lcd_Cmd_out_char, 2
0x003E	0x2841      	GOTO       L__Lcd_Cmd33
0x003F	0x1106      	BCF        LCD_D6, BitPos(LCD_D6+0)
0x0040	0x2842      	GOTO       L__Lcd_Cmd34
L__Lcd_Cmd33:
0x0041	0x1506      	BSF        LCD_D6, BitPos(LCD_D6+0)
L__Lcd_Cmd34:
;__Lib_Lcd.c,35 :: 		
0x0042	0x18C8      	BTFSC      FARG_Lcd_Cmd_out_char, 1
0x0043	0x2846      	GOTO       L__Lcd_Cmd35
0x0044	0x1086      	BCF        LCD_D5, BitPos(LCD_D5+0)
0x0045	0x2847      	GOTO       L__Lcd_Cmd36
L__Lcd_Cmd35:
0x0046	0x1486      	BSF        LCD_D5, BitPos(LCD_D5+0)
L__Lcd_Cmd36:
;__Lib_Lcd.c,36 :: 		
0x0047	0x1848      	BTFSC      FARG_Lcd_Cmd_out_char, 0
0x0048	0x284B      	GOTO       L__Lcd_Cmd37
0x0049	0x1006      	BCF        LCD_D4, BitPos(LCD_D4+0)
0x004A	0x284C      	GOTO       L__Lcd_Cmd38
L__Lcd_Cmd37:
0x004B	0x1406      	BSF        LCD_D4, BitPos(LCD_D4+0)
L__Lcd_Cmd38:
;__Lib_Lcd.c,38 :: 		
0x004C	0x1838      	BTFSC      __Lib_Lcd_cmd_status, BitPos(__Lib_Lcd_cmd_status+0)
0x004D	0x2850      	GOTO       L__Lcd_Cmd39
0x004E	0x1606      	BSF        LCD_RS, BitPos(LCD_RS+0)
0x004F	0x2851      	GOTO       L__Lcd_Cmd40
L__Lcd_Cmd39:
0x0050	0x1206      	BCF        LCD_RS, BitPos(LCD_RS+0)
L__Lcd_Cmd40:
;__Lib_Lcd.c,40 :: 		
0x0051	0x1686      	BSF        LCD_EN, BitPos(LCD_EN+0)
;__Lib_Lcd.c,41 :: 		
0x0052	0x2017      	CALL       _Delay_1us
;__Lib_Lcd.c,42 :: 		
0x0053	0x1286      	BCF        LCD_EN, BitPos(LCD_EN+0)
;__Lib_Lcd.c,44 :: 		
0x0054	0x1C38      	BTFSS      __Lib_Lcd_cmd_status, BitPos(__Lib_Lcd_cmd_status+0)
0x0055	0x2858      	GOTO       L_Lcd_Cmd0
;__Lib_Lcd.c,45 :: 		
0x0056	0x200A      	CALL       _Delay_5500us
0x0057	0x2859      	GOTO       L_Lcd_Cmd1
L_Lcd_Cmd0:
;__Lib_Lcd.c,47 :: 		
0x0058	0x2003      	CALL       _Delay_50us
L_Lcd_Cmd1:
;__Lib_Lcd.c,48 :: 		
L_end_Lcd_Cmd:
0x0059	0x0008      	RETURN
; end of _Lcd_Cmd
_Lcd_Chr_CP:
;__Lib_Lcd.c,50 :: 		
;__Lib_Lcd.c,52 :: 		
0x005A	0x1283      	BCF        STATUS, 5
0x005B	0x1303      	BCF        STATUS, 6
0x005C	0x1038      	BCF        __Lib_Lcd_cmd_status, BitPos(__Lib_Lcd_cmd_status+0)
;__Lib_Lcd.c,53 :: 		
0x005D	0x0847      	MOVF       FARG_Lcd_Chr_CP_out_char, 0
0x005E	0x00C8      	MOVWF      FARG_Lcd_Cmd_out_char
0x005F	0x201A      	CALL       _Lcd_Cmd
;__Lib_Lcd.c,54 :: 		
0x0060	0x1438      	BSF        __Lib_Lcd_cmd_status, BitPos(__Lib_Lcd_cmd_status+0)
;__Lib_Lcd.c,55 :: 		
L_end_Lcd_Chr_CP:
0x0061	0x0008      	RETURN
; end of _Lcd_Chr_CP
_Lcd_Out:
;__Lib_Lcd.c,184 :: 		
;__Lib_Lcd.c,187 :: 		
0x0062	0x2874      	GOTO       L_Lcd_Out11
;__Lib_Lcd.c,188 :: 		
L_Lcd_Out13:
0x0063	0x3080      	MOVLW      128
0x0064	0x1283      	BCF        STATUS, 5
0x0065	0x1303      	BCF        STATUS, 6
0x0066	0x00C3      	MOVWF      FARG_Lcd_Out_row
0x0067	0x2887      	GOTO       L_Lcd_Out12
;__Lib_Lcd.c,189 :: 		
L_Lcd_Out14:
0x0068	0x30C0      	MOVLW      192
0x0069	0x00C3      	MOVWF      FARG_Lcd_Out_row
0x006A	0x2887      	GOTO       L_Lcd_Out12
;__Lib_Lcd.c,190 :: 		
L_Lcd_Out15:
0x006B	0x3094      	MOVLW      148
0x006C	0x00C3      	MOVWF      FARG_Lcd_Out_row
0x006D	0x2887      	GOTO       L_Lcd_Out12
;__Lib_Lcd.c,191 :: 		
L_Lcd_Out16:
0x006E	0x30D4      	MOVLW      212
0x006F	0x00C3      	MOVWF      FARG_Lcd_Out_row
0x0070	0x2887      	GOTO       L_Lcd_Out12
;__Lib_Lcd.c,192 :: 		
L_Lcd_Out17:
0x0071	0x3080      	MOVLW      128
0x0072	0x00C3      	MOVWF      FARG_Lcd_Out_row
;__Lib_Lcd.c,193 :: 		
0x0073	0x2887      	GOTO       L_Lcd_Out12
L_Lcd_Out11:
0x0074	0x1283      	BCF        STATUS, 5
0x0075	0x1303      	BCF        STATUS, 6
0x0076	0x0843      	MOVF       FARG_Lcd_Out_row, 0
0x0077	0x3A01      	XORLW      1
0x0078	0x1903      	BTFSC      STATUS, 2
0x0079	0x2863      	GOTO       L_Lcd_Out13
0x007A	0x0843      	MOVF       FARG_Lcd_Out_row, 0
0x007B	0x3A02      	XORLW      2
0x007C	0x1903      	BTFSC      STATUS, 2
0x007D	0x2868      	GOTO       L_Lcd_Out14
0x007E	0x0843      	MOVF       FARG_Lcd_Out_row, 0
0x007F	0x3A03      	XORLW      3
0x0080	0x1903      	BTFSC      STATUS, 2
0x0081	0x286B      	GOTO       L_Lcd_Out15
0x0082	0x0843      	MOVF       FARG_Lcd_Out_row, 0
0x0083	0x3A04      	XORLW      4
0x0084	0x1903      	BTFSC      STATUS, 2
0x0085	0x286E      	GOTO       L_Lcd_Out16
0x0086	0x2871      	GOTO       L_Lcd_Out17
L_Lcd_Out12:
;__Lib_Lcd.c,194 :: 		
0x0087	0x0344      	DECF       FARG_Lcd_Out_column, 0
0x0088	0x00F0      	MOVWF      R0
0x0089	0x0843      	MOVF       FARG_Lcd_Out_row, 0
0x008A	0x07F0      	ADDWF      R0, 1
0x008B	0x0870      	MOVF       R0, 0
0x008C	0x00C3      	MOVWF      FARG_Lcd_Out_row
;__Lib_Lcd.c,196 :: 		
0x008D	0x0870      	MOVF       R0, 0
0x008E	0x00C8      	MOVWF      FARG_Lcd_Cmd_out_char
0x008F	0x201A      	CALL       _Lcd_Cmd
;__Lib_Lcd.c,197 :: 		
0x0090	0x1038      	BCF        __Lib_Lcd_cmd_status, BitPos(__Lib_Lcd_cmd_status+0)
;__Lib_Lcd.c,198 :: 		
0x0091	0x01C6      	CLRF       Lcd_Out_i_L0
;__Lib_Lcd.c,199 :: 		
L_Lcd_Out18:
0x0092	0x0846      	MOVF       Lcd_Out_i_L0, 0
0x0093	0x0745      	ADDWF      FARG_Lcd_Out_text, 0
0x0094	0x0084      	MOVWF      FSR
0x0095	0x0800      	MOVF       INDF, 0
0x0096	0x1903      	BTFSC      STATUS, 2
0x0097	0x28A0      	GOTO       L_Lcd_Out19
;__Lib_Lcd.c,200 :: 		
0x0098	0x0846      	MOVF       Lcd_Out_i_L0, 0
0x0099	0x0745      	ADDWF      FARG_Lcd_Out_text, 0
0x009A	0x0084      	MOVWF      FSR
0x009B	0x0800      	MOVF       INDF, 0
0x009C	0x00C7      	MOVWF      FARG_Lcd_Chr_CP_out_char
0x009D	0x205A      	CALL       _Lcd_Chr_CP
0x009E	0x0AC6      	INCF       Lcd_Out_i_L0, 1
0x009F	0x2892      	GOTO       L_Lcd_Out18
L_Lcd_Out19:
;__Lib_Lcd.c,201 :: 		
0x00A0	0x1438      	BSF        __Lib_Lcd_cmd_status, BitPos(__Lib_Lcd_cmd_status+0)
;__Lib_Lcd.c,202 :: 		
L_end_Lcd_Out:
0x00A1	0x0008      	RETURN
; end of _Lcd_Out
_Delay_500us:
;__Lib_Delays.c,27 :: 		void Delay_500us() {
;__Lib_Delays.c,28 :: 		Delay_us(498);
0x00A2	0x3002      	MOVLW      2
0x00A3	0x1283      	BCF        STATUS, 5
0x00A4	0x1303      	BCF        STATUS, 6
0x00A5	0x00FC      	MOVWF      R12
0x00A6	0x3049      	MOVLW      73
0x00A7	0x00FD      	MOVWF      R13
L_Delay_500us4:
0x00A8	0x0BFD      	DECFSZ     R13, 1
0x00A9	0x28A8      	GOTO       L_Delay_500us4
0x00AA	0x0BFC      	DECFSZ     R12, 1
0x00AB	0x28A8      	GOTO       L_Delay_500us4
0x00AC	0x0000      	NOP
0x00AD	0x0000      	NOP
;__Lib_Delays.c,29 :: 		}
L_end_Delay_500us:
0x00AE	0x0008      	RETURN
; end of _Delay_500us
_Delay_80us:
;__Lib_Delays.c,23 :: 		void Delay_80us() {
;__Lib_Delays.c,24 :: 		Delay_us(78);
0x00AF	0x3033      	MOVLW      51
0x00B0	0x1283      	BCF        STATUS, 5
0x00B1	0x1303      	BCF        STATUS, 6
0x00B2	0x00FD      	MOVWF      R13
L_Delay_80us3:
0x00B3	0x0BFD      	DECFSZ     R13, 1
0x00B4	0x28B3      	GOTO       L_Delay_80us3
0x00B5	0x0000      	NOP
0x00B6	0x0000      	NOP
;__Lib_Delays.c,25 :: 		}
L_end_Delay_80us:
0x00B7	0x0008      	RETURN
; end of _Delay_80us
_Div_16X16_U:
;__Lib_Math.c,215 :: 		
;__Lib_Math.c,222 :: 		
0x00B8	0x1283      	BCF        STATUS, 5
;__Lib_Math.c,223 :: 		
0x00B9	0x1303      	BCF        STATUS, 6
;__Lib_Math.c,224 :: 		
0x00BA	0x01F8      	CLRF       R8
;__Lib_Math.c,225 :: 		
0x00BB	0x01F9      	CLRF       R9
;__Lib_Math.c,226 :: 		
0x00BC	0x3010      	MOVLW      16
;__Lib_Math.c,227 :: 		
0x00BD	0x00FC      	MOVWF      R12
;__Lib_Math.c,228 :: 		
0x00BE	0x0D71      	RLF        R1, 0
;__Lib_Math.c,229 :: 		
0x00BF	0x0DF8      	RLF        R8, 1
;__Lib_Math.c,230 :: 		
0x00C0	0x0DF9      	RLF        R9, 1
;__Lib_Math.c,231 :: 		
0x00C1	0x0874      	MOVF       R4, 0
;__Lib_Math.c,232 :: 		
0x00C2	0x02F8      	SUBWF      R8, 1
;__Lib_Math.c,233 :: 		
0x00C3	0x0875      	MOVF       R5, 0
;__Lib_Math.c,234 :: 		
0x00C4	0x1C03      	BTFSS      STATUS, 0
;__Lib_Math.c,235 :: 		
0x00C5	0x0F75      	INCFSZ     R5, 0
;__Lib_Math.c,236 :: 		
0x00C6	0x02F9      	SUBWF      R9, 1
;__Lib_Math.c,237 :: 		
0x00C7	0x1803      	BTFSC      STATUS, 0
;__Lib_Math.c,238 :: 		
0x00C8	0x28D0      	GOTO       $+8
;__Lib_Math.c,239 :: 		
0x00C9	0x0874      	MOVF       R4, 0
;__Lib_Math.c,240 :: 		
0x00CA	0x07F8      	ADDWF      R8, 1
;__Lib_Math.c,241 :: 		
0x00CB	0x0875      	MOVF       R5, 0
;__Lib_Math.c,242 :: 		
0x00CC	0x1803      	BTFSC      STATUS, 0
;__Lib_Math.c,243 :: 		
0x00CD	0x0F75      	INCFSZ     R5, 0
;__Lib_Math.c,244 :: 		
0x00CE	0x07F9      	ADDWF      R9, 1
;__Lib_Math.c,245 :: 		
0x00CF	0x1003      	BCF        STATUS, 0
;__Lib_Math.c,246 :: 		
0x00D0	0x0DF0      	RLF        R0, 1
;__Lib_Math.c,247 :: 		
0x00D1	0x0DF1      	RLF        R1, 1
;__Lib_Math.c,248 :: 		
0x00D2	0x0BFC      	DECFSZ     R12, 1
;__Lib_Math.c,249 :: 		
0x00D3	0x28BE      	GOTO       $-21
;__Lib_Math.c,251 :: 		
L_end_Div_16X16_U:
0x00D4	0x0008      	RETURN
; end of _Div_16X16_U
_Div_8X8_U:
;__Lib_Math.c,189 :: 		
;__Lib_Math.c,196 :: 		
0x00D5	0x1283      	BCF        STATUS, 5
;__Lib_Math.c,197 :: 		
0x00D6	0x1303      	BCF        STATUS, 6
;__Lib_Math.c,198 :: 		
0x00D7	0x01F8      	CLRF       R8
;__Lib_Math.c,199 :: 		
0x00D8	0x3008      	MOVLW      8
;__Lib_Math.c,200 :: 		
0x00D9	0x00FC      	MOVWF      R12
;__Lib_Math.c,201 :: 		
0x00DA	0x0D70      	RLF        R0, 0
;__Lib_Math.c,202 :: 		
0x00DB	0x0DF8      	RLF        R8, 1
;__Lib_Math.c,203 :: 		
0x00DC	0x0874      	MOVF       R4, 0
;__Lib_Math.c,204 :: 		
0x00DD	0x02F8      	SUBWF      R8, 1
;__Lib_Math.c,205 :: 		
0x00DE	0x1803      	BTFSC      STATUS, 0
;__Lib_Math.c,206 :: 		
0x00DF	0x28E2      	GOTO       $+3
;__Lib_Math.c,207 :: 		
0x00E0	0x07F8      	ADDWF      R8, 1
;__Lib_Math.c,208 :: 		
0x00E1	0x1003      	BCF        STATUS, 0
;__Lib_Math.c,209 :: 		
0x00E2	0x0DF0      	RLF        R0, 1
;__Lib_Math.c,210 :: 		
0x00E3	0x0BFC      	DECFSZ     R12, 1
;__Lib_Math.c,211 :: 		
0x00E4	0x28DA      	GOTO       $-10
;__Lib_Math.c,213 :: 		
L_end_Div_8X8_U:
0x00E5	0x0008      	RETURN
; end of _Div_8X8_U
_____DoICP:
;__Lib_System.c,6 :: 		
;__Lib_System.c,9 :: 		
0x00E6	0x1283      	BCF        STATUS, 5
0x00E7	0x1303      	BCF        STATUS, 6
0x00E8	0x083C      	MOVF       ___DoICPAddr+1, 0
0x00E9	0x008A      	MOVWF      PCLATH
;__Lib_System.c,10 :: 		
0x00EA	0x083B      	MOVF       ___DoICPAddr, 0
0x00EB	0x0082      	MOVWF      PCL
;__Lib_System.c,12 :: 		
L_end_____DoICP:
0x00EC	0x0008      	RETURN
; end of _____DoICP
_Mul_16X16_U:
;__Lib_Math.c,136 :: 		
;__Lib_Math.c,143 :: 		
0x00ED	0x1283      	BCF        STATUS, 5
;__Lib_Math.c,144 :: 		
0x00EE	0x1303      	BCF        STATUS, 6
;__Lib_Math.c,145 :: 		
0x00EF	0x01FB      	CLRF       R11
;__Lib_Math.c,146 :: 		
0x00F0	0x01FA      	CLRF       R10
;__Lib_Math.c,147 :: 		
0x00F1	0x01F9      	CLRF       R9
;__Lib_Math.c,148 :: 		
0x00F2	0x3080      	MOVLW      128
;__Lib_Math.c,149 :: 		
0x00F3	0x00F8      	MOVWF      R8
;__Lib_Math.c,150 :: 		
0x00F4	0x0CF1      	RRF        R1, 1
;__Lib_Math.c,151 :: 		
0x00F5	0x0CF0      	RRF        R0, 1
;__Lib_Math.c,152 :: 		
0x00F6	0x1C03      	BTFSS      STATUS, 0
;__Lib_Math.c,153 :: 		
0x00F7	0x2901      	GOTO       $+10
;__Lib_Math.c,154 :: 		
0x00F8	0x0874      	MOVF       R4, 0
;__Lib_Math.c,155 :: 		
0x00F9	0x07F9      	ADDWF      R9, 1
;__Lib_Math.c,156 :: 		
0x00FA	0x0875      	MOVF       R5, 0
;__Lib_Math.c,157 :: 		
0x00FB	0x1803      	BTFSC      STATUS, 0
;__Lib_Math.c,158 :: 		
0x00FC	0x0F75      	INCFSZ     R5, 0
;__Lib_Math.c,159 :: 		
0x00FD	0x07FA      	ADDWF      R10, 1
;__Lib_Math.c,160 :: 		
0x00FE	0x1803      	BTFSC      STATUS, 0
;__Lib_Math.c,161 :: 		
0x00FF	0x0AFB      	INCF       R11, 1
;__Lib_Math.c,162 :: 		
0x0100	0x1003      	BCF        STATUS, 0
;__Lib_Math.c,163 :: 		
0x0101	0x1FF0      	BTFSS      R0, 7
;__Lib_Math.c,164 :: 		
0x0102	0x2909      	GOTO       $+7
;__Lib_Math.c,165 :: 		
0x0103	0x0874      	MOVF       R4, 0
;__Lib_Math.c,166 :: 		
0x0104	0x07FA      	ADDWF      R10, 1
;__Lib_Math.c,167 :: 		
0x0105	0x0875      	MOVF       R5, 0
;__Lib_Math.c,168 :: 		
0x0106	0x1803      	BTFSC      STATUS, 0
;__Lib_Math.c,169 :: 		
0x0107	0x0F75      	INCFSZ     R5, 0
;__Lib_Math.c,170 :: 		
0x0108	0x07FB      	ADDWF      R11, 1
;__Lib_Math.c,171 :: 		
0x0109	0x0CFB      	RRF        R11, 1
;__Lib_Math.c,172 :: 		
0x010A	0x0CFA      	RRF        R10, 1
;__Lib_Math.c,173 :: 		
0x010B	0x0CF9      	RRF        R9, 1
;__Lib_Math.c,174 :: 		
0x010C	0x0CF8      	RRF        R8, 1
;__Lib_Math.c,175 :: 		
0x010D	0x1C03      	BTFSS      STATUS, 0
;__Lib_Math.c,176 :: 		
0x010E	0x28F4      	GOTO       $-26
;__Lib_Math.c,177 :: 		
0x010F	0x087B      	MOVF       R11, 0
;__Lib_Math.c,178 :: 		
0x0110	0x00F3      	MOVWF      R3
;__Lib_Math.c,179 :: 		
0x0111	0x087A      	MOVF       R10, 0
;__Lib_Math.c,180 :: 		
0x0112	0x00F2      	MOVWF      R2
;__Lib_Math.c,181 :: 		
0x0113	0x0879      	MOVF       R9, 0
;__Lib_Math.c,182 :: 		
0x0114	0x00F1      	MOVWF      R1
;__Lib_Math.c,183 :: 		
0x0115	0x0878      	MOVF       R8, 0
;__Lib_Math.c,184 :: 		
0x0116	0x00F0      	MOVWF      R0
;__Lib_Math.c,187 :: 		
L_end_Mul_16X16_U:
0x0117	0x0008      	RETURN
; end of _Mul_16X16_U
_Display_Temperature:
;deney12.c,41 :: 		void Display_Temperature(unsigned int temp2write){
;deney12.c,48 :: 		if(temp2write & 0x8000){
0x0118	0x1283      	BCF        STATUS, 5
0x0119	0x1303      	BCF        STATUS, 6
0x011A	0x1FBE      	BTFSS      FARG_Display_Temperature_temp2write+1, 7
0x011B	0x2925      	GOTO       L_Display_Temperature0
;deney12.c,49 :: 		text[0] = '-';
0x011C	0x082E      	MOVF       _text, 0
0x011D	0x0084      	MOVWF      FSR
0x011E	0x302D      	MOVLW      45
0x011F	0x0080      	MOVWF      INDF
;deney12.c,50 :: 		temp2write = ~temp2write + 1;
0x0120	0x09BD      	COMF       FARG_Display_Temperature_temp2write, 1
0x0121	0x09BE      	COMF       FARG_Display_Temperature_temp2write+1, 1
0x0122	0x0ABD      	INCF       FARG_Display_Temperature_temp2write, 1
0x0123	0x1903      	BTFSC      STATUS, 2
0x0124	0x0ABE      	INCF       FARG_Display_Temperature_temp2write+1, 1
;deney12.c,51 :: 		}
L_Display_Temperature0:
;deney12.c,53 :: 		temp_whole = temp2write >> RES_SHIFT;
0x0125	0x083D      	MOVF       FARG_Display_Temperature_temp2write, 0
0x0126	0x00F0      	MOVWF      R0
0x0127	0x083E      	MOVF       FARG_Display_Temperature_temp2write+1, 0
0x0128	0x00F1      	MOVWF      R0+1
0x0129	0x0CF1      	RRF        R0+1, 1
0x012A	0x0CF0      	RRF        R0, 1
0x012B	0x13F1      	BCF        R0+1, 7
0x012C	0x0CF1      	RRF        R0+1, 1
0x012D	0x0CF0      	RRF        R0, 1
0x012E	0x13F1      	BCF        R0+1, 7
0x012F	0x0CF1      	RRF        R0+1, 1
0x0130	0x0CF0      	RRF        R0, 1
0x0131	0x13F1      	BCF        R0+1, 7
0x0132	0x0CF1      	RRF        R0+1, 1
0x0133	0x0CF0      	RRF        R0, 1
0x0134	0x13F1      	BCF        R0+1, 7
0x0135	0x0870      	MOVF       R0, 0
0x0136	0x00BF      	MOVWF      Display_Temperature_temp_whole_L0
;deney12.c,56 :: 		if(temp_whole/100)
0x0137	0x3064      	MOVLW      100
0x0138	0x00F4      	MOVWF      R4
0x0139	0x20D5      	CALL       _Div_8X8_U
0x013A	0x0870      	MOVF       R0, 0
0x013B	0x1903      	BTFSC      STATUS, 2
0x013C	0x2949      	GOTO       L_Display_Temperature1
;deney12.c,57 :: 		text[0] = temp_whole/100 + 48;
0x013D	0x3064      	MOVLW      100
0x013E	0x00F4      	MOVWF      R4
0x013F	0x083F      	MOVF       Display_Temperature_temp_whole_L0, 0
0x0140	0x00F0      	MOVWF      R0
0x0141	0x20D5      	CALL       _Div_8X8_U
0x0142	0x3030      	MOVLW      48
0x0143	0x07F0      	ADDWF      R0, 1
0x0144	0x082E      	MOVF       _text, 0
0x0145	0x0084      	MOVWF      FSR
0x0146	0x0870      	MOVF       R0, 0
0x0147	0x0080      	MOVWF      INDF
0x0148	0x294D      	GOTO       L_Display_Temperature2
L_Display_Temperature1:
;deney12.c,59 :: 		text[0] = '0';
0x0149	0x082E      	MOVF       _text, 0
0x014A	0x0084      	MOVWF      FSR
0x014B	0x3030      	MOVLW      48
0x014C	0x0080      	MOVWF      INDF
L_Display_Temperature2:
;deney12.c,61 :: 		text[1] = (temp_whole/10)%10 + 48; // Extract tens digit
0x014D	0x0A2E      	INCF       _text, 0
0x014E	0x00C2      	MOVWF      FLOC__Display_Temperature
0x014F	0x300A      	MOVLW      10
0x0150	0x00F4      	MOVWF      R4
0x0151	0x083F      	MOVF       Display_Temperature_temp_whole_L0, 0
0x0152	0x00F0      	MOVWF      R0
0x0153	0x20D5      	CALL       _Div_8X8_U
0x0154	0x300A      	MOVLW      10
0x0155	0x00F4      	MOVWF      R4
0x0156	0x20D5      	CALL       _Div_8X8_U
0x0157	0x0878      	MOVF       R8, 0
0x0158	0x00F0      	MOVWF      R0
0x0159	0x3030      	MOVLW      48
0x015A	0x07F0      	ADDWF      R0, 1
0x015B	0x0842      	MOVF       FLOC__Display_Temperature, 0
0x015C	0x0084      	MOVWF      FSR
0x015D	0x0870      	MOVF       R0, 0
0x015E	0x0080      	MOVWF      INDF
;deney12.c,62 :: 		text[2] = temp_whole%10 + 48; // Extract ones digit
0x015F	0x3002      	MOVLW      2
0x0160	0x072E      	ADDWF      _text, 0
0x0161	0x00C2      	MOVWF      FLOC__Display_Temperature
0x0162	0x300A      	MOVLW      10
0x0163	0x00F4      	MOVWF      R4
0x0164	0x083F      	MOVF       Display_Temperature_temp_whole_L0, 0
0x0165	0x00F0      	MOVWF      R0
0x0166	0x20D5      	CALL       _Div_8X8_U
0x0167	0x0878      	MOVF       R8, 0
0x0168	0x00F0      	MOVWF      R0
0x0169	0x3030      	MOVLW      48
0x016A	0x07F0      	ADDWF      R0, 1
0x016B	0x0842      	MOVF       FLOC__Display_Temperature, 0
0x016C	0x0084      	MOVWF      FSR
0x016D	0x0870      	MOVF       R0, 0
0x016E	0x0080      	MOVWF      INDF
;deney12.c,65 :: 		temp_fraction = temp2write << (4-RES_SHIFT);
0x016F	0x083D      	MOVF       FARG_Display_Temperature_temp2write, 0
0x0170	0x00C0      	MOVWF      Display_Temperature_temp_fraction_L0
0x0171	0x083E      	MOVF       FARG_Display_Temperature_temp2write+1, 0
0x0172	0x00C1      	MOVWF      Display_Temperature_temp_fraction_L0+1
;deney12.c,66 :: 		temp_fraction &= 0x000F;
0x0173	0x300F      	MOVLW      15
0x0174	0x053D      	ANDWF      FARG_Display_Temperature_temp2write, 0
0x0175	0x00F0      	MOVWF      R0
0x0176	0x083E      	MOVF       FARG_Display_Temperature_temp2write+1, 0
0x0177	0x00F1      	MOVWF      R0+1
0x0178	0x3000      	MOVLW      0
0x0179	0x05F1      	ANDWF      R0+1, 1
0x017A	0x0870      	MOVF       R0, 0
0x017B	0x00C0      	MOVWF      Display_Temperature_temp_fraction_L0
0x017C	0x0871      	MOVF       R0+1, 0
0x017D	0x00C1      	MOVWF      Display_Temperature_temp_fraction_L0+1
;deney12.c,67 :: 		temp_fraction *= 625;
0x017E	0x3071      	MOVLW      113
0x017F	0x00F4      	MOVWF      R4
0x0180	0x3002      	MOVLW      2
0x0181	0x00F5      	MOVWF      R4+1
0x0182	0x20ED      	CALL       _Mul_16X16_U
0x0183	0x0870      	MOVF       R0, 0
0x0184	0x00C0      	MOVWF      Display_Temperature_temp_fraction_L0
0x0185	0x0871      	MOVF       R0+1, 0
0x0186	0x00C1      	MOVWF      Display_Temperature_temp_fraction_L0+1
;deney12.c,70 :: 		text[4] = temp_fraction/1000 + 48;
0x0187	0x3004      	MOVLW      4
0x0188	0x072E      	ADDWF      _text, 0
0x0189	0x00C2      	MOVWF      FLOC__Display_Temperature
0x018A	0x30E8      	MOVLW      232
0x018B	0x00F4      	MOVWF      R4
0x018C	0x3003      	MOVLW      3
0x018D	0x00F5      	MOVWF      R4+1
0x018E	0x20B8      	CALL       _Div_16X16_U
0x018F	0x3030      	MOVLW      48
0x0190	0x07F0      	ADDWF      R0, 1
0x0191	0x0842      	MOVF       FLOC__Display_Temperature, 0
0x0192	0x0084      	MOVWF      FSR
0x0193	0x0870      	MOVF       R0, 0
0x0194	0x0080      	MOVWF      INDF
;deney12.c,71 :: 		text[5] = (temp_fraction/100)%10 + 48;
0x0195	0x3005      	MOVLW      5
0x0196	0x072E      	ADDWF      _text, 0
0x0197	0x00C2      	MOVWF      FLOC__Display_Temperature
0x0198	0x3064      	MOVLW      100
0x0199	0x00F4      	MOVWF      R4
0x019A	0x3000      	MOVLW      0
0x019B	0x00F5      	MOVWF      R4+1
0x019C	0x0840      	MOVF       Display_Temperature_temp_fraction_L0, 0
0x019D	0x00F0      	MOVWF      R0
0x019E	0x0841      	MOVF       Display_Temperature_temp_fraction_L0+1, 0
0x019F	0x00F1      	MOVWF      R0+1
0x01A0	0x20B8      	CALL       _Div_16X16_U
0x01A1	0x300A      	MOVLW      10
0x01A2	0x00F4      	MOVWF      R4
0x01A3	0x3000      	MOVLW      0
0x01A4	0x00F5      	MOVWF      R4+1
0x01A5	0x20B8      	CALL       _Div_16X16_U
0x01A6	0x0878      	MOVF       R8, 0
0x01A7	0x00F0      	MOVWF      R0
0x01A8	0x0879      	MOVF       R8+1, 0
0x01A9	0x00F1      	MOVWF      R0+1
0x01AA	0x3030      	MOVLW      48
0x01AB	0x07F0      	ADDWF      R0, 1
0x01AC	0x0842      	MOVF       FLOC__Display_Temperature, 0
0x01AD	0x0084      	MOVWF      FSR
0x01AE	0x0870      	MOVF       R0, 0
0x01AF	0x0080      	MOVWF      INDF
;deney12.c,72 :: 		text[6] = (temp_fraction/10)%10 + 48;
0x01B0	0x3006      	MOVLW      6
0x01B1	0x072E      	ADDWF      _text, 0
0x01B2	0x00C2      	MOVWF      FLOC__Display_Temperature
0x01B3	0x300A      	MOVLW      10
0x01B4	0x00F4      	MOVWF      R4
0x01B5	0x3000      	MOVLW      0
0x01B6	0x00F5      	MOVWF      R4+1
0x01B7	0x0840      	MOVF       Display_Temperature_temp_fraction_L0, 0
0x01B8	0x00F0      	MOVWF      R0
0x01B9	0x0841      	MOVF       Display_Temperature_temp_fraction_L0+1, 0
0x01BA	0x00F1      	MOVWF      R0+1
0x01BB	0x20B8      	CALL       _Div_16X16_U
0x01BC	0x300A      	MOVLW      10
0x01BD	0x00F4      	MOVWF      R4
0x01BE	0x3000      	MOVLW      0
0x01BF	0x00F5      	MOVWF      R4+1
0x01C0	0x20B8      	CALL       _Div_16X16_U
0x01C1	0x0878      	MOVF       R8, 0
0x01C2	0x00F0      	MOVWF      R0
0x01C3	0x0879      	MOVF       R8+1, 0
0x01C4	0x00F1      	MOVWF      R0+1
0x01C5	0x3030      	MOVLW      48
0x01C6	0x07F0      	ADDWF      R0, 1
0x01C7	0x0842      	MOVF       FLOC__Display_Temperature, 0
0x01C8	0x0084      	MOVWF      FSR
0x01C9	0x0870      	MOVF       R0, 0
0x01CA	0x0080      	MOVWF      INDF
;deney12.c,73 :: 		text[7] = temp_fraction%10 + 48;
0x01CB	0x3007      	MOVLW      7
0x01CC	0x072E      	ADDWF      _text, 0
0x01CD	0x00C2      	MOVWF      FLOC__Display_Temperature
0x01CE	0x300A      	MOVLW      10
0x01CF	0x00F4      	MOVWF      R4
0x01D0	0x3000      	MOVLW      0
0x01D1	0x00F5      	MOVWF      R4+1
0x01D2	0x0840      	MOVF       Display_Temperature_temp_fraction_L0, 0
0x01D3	0x00F0      	MOVWF      R0
0x01D4	0x0841      	MOVF       Display_Temperature_temp_fraction_L0+1, 0
0x01D5	0x00F1      	MOVWF      R0+1
0x01D6	0x20B8      	CALL       _Div_16X16_U
0x01D7	0x0878      	MOVF       R8, 0
0x01D8	0x00F0      	MOVWF      R0
0x01D9	0x0879      	MOVF       R8+1, 0
0x01DA	0x00F1      	MOVWF      R0+1
0x01DB	0x3030      	MOVLW      48
0x01DC	0x07F0      	ADDWF      R0, 1
0x01DD	0x0842      	MOVF       FLOC__Display_Temperature, 0
0x01DE	0x0084      	MOVWF      FSR
0x01DF	0x0870      	MOVF       R0, 0
0x01E0	0x0080      	MOVWF      INDF
;deney12.c,76 :: 		Lcd_Out(2, 5, text);
0x01E1	0x3002      	MOVLW      2
0x01E2	0x00C3      	MOVWF      FARG_Lcd_Out_row
0x01E3	0x3005      	MOVLW      5
0x01E4	0x00C4      	MOVWF      FARG_Lcd_Out_column
0x01E5	0x082E      	MOVF       _text, 0
0x01E6	0x00C5      	MOVWF      FARG_Lcd_Out_text
0x01E7	0x2062      	CALL       _Lcd_Out
;deney12.c,78 :: 		}
L_end_Display_Temperature:
0x01E8	0x0008      	RETURN
; end of _Display_Temperature
_Ow_Reset:
;__Lib_OneWire.c,5 :: 		
;__Lib_OneWire.c,8 :: 		
0x01E9	0x1283      	BCF        STATUS, 5
0x01EA	0x1303      	BCF        STATUS, 6
0x01EB	0x083E      	MOVF       FARG_Ow_Reset_pin, 0
0x01EC	0x00F1      	MOVWF      R1
0x01ED	0x3001      	MOVLW      1
0x01EE	0x00F0      	MOVWF      R0
0x01EF	0x0871      	MOVF       R1, 0
L__Ow_Reset9:
0x01F0	0x1903      	BTFSC      STATUS, 2
0x01F1	0x29F6      	GOTO       L__Ow_Reset10
0x01F2	0x0DF0      	RLF        R0, 1
0x01F3	0x1070      	BCF        R0, 0
0x01F4	0x3EFF      	ADDLW      255
0x01F5	0x29F0      	GOTO       L__Ow_Reset9
L__Ow_Reset10:
0x01F6	0x0870      	MOVF       R0, 0
0x01F7	0x00C0      	MOVWF      Ow_Reset_bit_mask_1_L0
;__Lib_OneWire.c,9 :: 		
0x01F8	0x09F0      	COMF       R0, 1
;__Lib_OneWire.c,11 :: 		
0x01F9	0x083D      	MOVF       FARG_Ow_Reset_port, 0
0x01FA	0x0084      	MOVWF      FSR
;__Lib_OneWire.c,12 :: 		
0x01FB	0x0870      	MOVF       R0, 0
0x01FC	0x0580      	ANDWF      INDF, 1
;__Lib_OneWire.c,13 :: 		
0x01FD	0x1784      	BSF        FSR, 7
;__Lib_OneWire.c,14 :: 		
0x01FE	0x0870      	MOVF       R0, 0
0x01FF	0x0580      	ANDWF      INDF, 1
;__Lib_OneWire.c,15 :: 		
0x0200	0x20A2      	CALL       _Delay_500us
;__Lib_OneWire.c,16 :: 		
0x0201	0x0840      	MOVF       Ow_Reset_bit_mask_1_L0, 0
0x0202	0x0480      	IORWF      INDF, 1
;__Lib_OneWire.c,18 :: 		
0x0203	0x1384      	BCF        FSR, 7
;__Lib_OneWire.c,19 :: 		
0x0204	0x20AF      	CALL       _Delay_80us
;__Lib_OneWire.c,20 :: 		
0x0205	0x0840      	MOVF       Ow_Reset_bit_mask_1_L0, 0
0x0206	0x0500      	ANDWF      INDF, 0
0x0207	0x00BF      	MOVWF      Ow_Reset_res_L0
0x0208	0x083F      	MOVF       Ow_Reset_res_L0, 0
0x0209	0x3A00      	XORLW      0
0x020A	0x3001      	MOVLW      1
0x020B	0x1903      	BTFSC      STATUS, 2
0x020C	0x3000      	MOVLW      0
0x020D	0x00BF      	MOVWF      Ow_Reset_res_L0
;__Lib_OneWire.c,21 :: 		
0x020E	0x20A2      	CALL       _Delay_500us
;__Lib_OneWire.c,22 :: 		
0x020F	0x083F      	MOVF       Ow_Reset_res_L0, 0
0x0210	0x00F0      	MOVWF      R0
;__Lib_OneWire.c,23 :: 		
L_end_Ow_Reset:
0x0211	0x0008      	RETURN
; end of _Ow_Reset
_Ow_Write:
;__Lib_OneWire.c,54 :: 		
;__Lib_OneWire.c,57 :: 		
0x0212	0x1283      	BCF        STATUS, 5
0x0213	0x1303      	BCF        STATUS, 6
0x0214	0x083E      	MOVF       FARG_Ow_Write_pin, 0
0x0215	0x00F1      	MOVWF      R1
0x0216	0x3001      	MOVLW      1
0x0217	0x00F0      	MOVWF      R0
0x0218	0x0871      	MOVF       R1, 0
L__Ow_Write17:
0x0219	0x1903      	BTFSC      STATUS, 2
0x021A	0x2A1F      	GOTO       L__Ow_Write18
0x021B	0x0DF0      	RLF        R0, 1
0x021C	0x1070      	BCF        R0, 0
0x021D	0x3EFF      	ADDLW      255
0x021E	0x2A19      	GOTO       L__Ow_Write17
L__Ow_Write18:
0x021F	0x0870      	MOVF       R0, 0
0x0220	0x00C2      	MOVWF      Ow_Write_bit_mask_1_L0
;__Lib_OneWire.c,58 :: 		
0x0221	0x09F0      	COMF       R0, 1
0x0222	0x0870      	MOVF       R0, 0
0x0223	0x00C1      	MOVWF      Ow_Write_bit_mask_0_L0
;__Lib_OneWire.c,60 :: 		
0x0224	0x083D      	MOVF       FARG_Ow_Write_port, 0
0x0225	0x0084      	MOVWF      FSR
;__Lib_OneWire.c,61 :: 		
0x0226	0x0870      	MOVF       R0, 0
0x0227	0x0580      	ANDWF      INDF, 1
;__Lib_OneWire.c,62 :: 		
0x0228	0x1784      	BSF        FSR, 7
;__Lib_OneWire.c,64 :: 		
0x0229	0x01C0      	CLRF       Ow_Write_i_L0
L_Ow_Write4:
0x022A	0x0840      	MOVF       Ow_Write_i_L0, 0
0x022B	0x3C07      	SUBLW      7
0x022C	0x1C03      	BTFSS      STATUS, 0
0x022D	0x2A44      	GOTO       L_Ow_Write5
;__Lib_OneWire.c,65 :: 		
0x022E	0x0840      	MOVF       Ow_Write_i_L0, 0
0x022F	0x00F0      	MOVWF      R0
0x0230	0x083F      	MOVF       FARG_Ow_Write_data_, 0
0x0231	0x00F1      	MOVWF      R1
0x0232	0x0870      	MOVF       R0, 0
L__Ow_Write19:
0x0233	0x1903      	BTFSC      STATUS, 2
0x0234	0x2A39      	GOTO       L__Ow_Write20
0x0235	0x0CF1      	RRF        R1, 1
0x0236	0x13F1      	BCF        R1, 7
0x0237	0x3EFF      	ADDLW      255
0x0238	0x2A33      	GOTO       L__Ow_Write19
L__Ow_Write20:
;__Lib_OneWire.c,68 :: 		
0x0239	0x0841      	MOVF       Ow_Write_bit_mask_0_L0, 0
0x023A	0x0580      	ANDWF      INDF, 1
;__Lib_OneWire.c,70 :: 		
0x023B	0x1C71      	BTFSS      R1, 0
0x023C	0x2A3F      	GOTO       L_Ow_Write7
;__Lib_OneWire.c,71 :: 		
0x023D	0x0842      	MOVF       Ow_Write_bit_mask_1_L0, 0
0x023E	0x0480      	IORWF      INDF, 1
;__Lib_OneWire.c,72 :: 		
L_Ow_Write7:
;__Lib_OneWire.c,74 :: 		
0x023F	0x20AF      	CALL       _Delay_80us
;__Lib_OneWire.c,76 :: 		
0x0240	0x0842      	MOVF       Ow_Write_bit_mask_1_L0, 0
0x0241	0x0480      	IORWF      INDF, 1
;__Lib_OneWire.c,64 :: 		
0x0242	0x0AC0      	INCF       Ow_Write_i_L0, 1
;__Lib_OneWire.c,77 :: 		
0x0243	0x2A2A      	GOTO       L_Ow_Write4
L_Ow_Write5:
;__Lib_OneWire.c,78 :: 		
0x0244	0x1384      	BCF        FSR, 7
;__Lib_OneWire.c,80 :: 		
0x0245	0x2003      	CALL       _Delay_50us
;__Lib_OneWire.c,81 :: 		
0x0246	0x2003      	CALL       _Delay_50us
;__Lib_OneWire.c,82 :: 		
L_end_Ow_Write:
0x0247	0x0008      	RETURN
; end of _Ow_Write
_Ow_Read:
;__Lib_OneWire.c,26 :: 		
;__Lib_OneWire.c,29 :: 		
0x0248	0x1283      	BCF        STATUS, 5
0x0249	0x1303      	BCF        STATUS, 6
0x024A	0x083E      	MOVF       FARG_Ow_Read_pin, 0
0x024B	0x00F1      	MOVWF      R1
0x024C	0x3001      	MOVLW      1
0x024D	0x00F0      	MOVWF      R0
0x024E	0x0871      	MOVF       R1, 0
L__Ow_Read12:
0x024F	0x1903      	BTFSC      STATUS, 2
0x0250	0x2A55      	GOTO       L__Ow_Read13
0x0251	0x0DF0      	RLF        R0, 1
0x0252	0x1070      	BCF        R0, 0
0x0253	0x3EFF      	ADDLW      255
0x0254	0x2A4F      	GOTO       L__Ow_Read12
L__Ow_Read13:
0x0255	0x0870      	MOVF       R0, 0
0x0256	0x00C2      	MOVWF      Ow_Read_bit_mask_1_L0
;__Lib_OneWire.c,30 :: 		
0x0257	0x0970      	COMF       R0, 0
0x0258	0x00C1      	MOVWF      Ow_Read_bit_mask_0_L0
;__Lib_OneWire.c,32 :: 		
0x0259	0x083D      	MOVF       FARG_Ow_Read_port, 0
0x025A	0x0084      	MOVWF      FSR
;__Lib_OneWire.c,33 :: 		
0x025B	0x01C0      	CLRF       Ow_Read_tmp_L0
;__Lib_OneWire.c,34 :: 		
0x025C	0x01BF      	CLRF       Ow_Read_i_L0
L_Ow_Read0:
0x025D	0x083F      	MOVF       Ow_Read_i_L0, 0
0x025E	0x3C07      	SUBLW      7
0x025F	0x1C03      	BTFSS      STATUS, 0
0x0260	0x2A81      	GOTO       L_Ow_Read1
;__Lib_OneWire.c,35 :: 		
0x0261	0x0841      	MOVF       Ow_Read_bit_mask_0_L0, 0
0x0262	0x0580      	ANDWF      INDF, 1
;__Lib_OneWire.c,37 :: 		
0x0263	0x1784      	BSF        FSR, 7
;__Lib_OneWire.c,38 :: 		
0x0264	0x0841      	MOVF       Ow_Read_bit_mask_0_L0, 0
0x0265	0x0580      	ANDWF      INDF, 1
;__Lib_OneWire.c,39 :: 		
0x0266	0x2017      	CALL       _Delay_1us
;__Lib_OneWire.c,40 :: 		
0x0267	0x0842      	MOVF       Ow_Read_bit_mask_1_L0, 0
0x0268	0x0480      	IORWF      INDF, 1
;__Lib_OneWire.c,41 :: 		
0x0269	0x2017      	CALL       _Delay_1us
;__Lib_OneWire.c,43 :: 		
0x026A	0x1384      	BCF        FSR, 7
;__Lib_OneWire.c,44 :: 		
0x026B	0x0842      	MOVF       Ow_Read_bit_mask_1_L0, 0
0x026C	0x0500      	ANDWF      INDF, 0
0x026D	0x00F0      	MOVWF      R0
0x026E	0x1903      	BTFSC      STATUS, 2
0x026F	0x2A7D      	GOTO       L_Ow_Read3
;__Lib_OneWire.c,45 :: 		
0x0270	0x083F      	MOVF       Ow_Read_i_L0, 0
0x0271	0x00F1      	MOVWF      R1
0x0272	0x3001      	MOVLW      1
0x0273	0x00F0      	MOVWF      R0
0x0274	0x0871      	MOVF       R1, 0
L__Ow_Read14:
0x0275	0x1903      	BTFSC      STATUS, 2
0x0276	0x2A7B      	GOTO       L__Ow_Read15
0x0277	0x0DF0      	RLF        R0, 1
0x0278	0x1070      	BCF        R0, 0
0x0279	0x3EFF      	ADDLW      255
0x027A	0x2A75      	GOTO       L__Ow_Read14
L__Ow_Read15:
0x027B	0x0870      	MOVF       R0, 0
0x027C	0x04C0      	IORWF      Ow_Read_tmp_L0, 1
L_Ow_Read3:
;__Lib_OneWire.c,47 :: 		
0x027D	0x2003      	CALL       _Delay_50us
;__Lib_OneWire.c,48 :: 		
0x027E	0x2003      	CALL       _Delay_50us
;__Lib_OneWire.c,34 :: 		
0x027F	0x0ABF      	INCF       Ow_Read_i_L0, 1
;__Lib_OneWire.c,49 :: 		
0x0280	0x2A5D      	GOTO       L_Ow_Read0
L_Ow_Read1:
;__Lib_OneWire.c,50 :: 		
0x0281	0x0840      	MOVF       Ow_Read_tmp_L0, 0
0x0282	0x00F0      	MOVWF      R0
;__Lib_OneWire.c,51 :: 		
L_end_Ow_Read:
0x0283	0x0008      	RETURN
; end of _Ow_Read
_Lcd_Chr:
;__Lib_Lcd.c,65 :: 		
;__Lib_Lcd.c,66 :: 		
0x0284	0x2A96      	GOTO       L_Lcd_Chr4
;__Lib_Lcd.c,67 :: 		
L_Lcd_Chr6:
0x0285	0x3080      	MOVLW      128
0x0286	0x1283      	BCF        STATUS, 5
0x0287	0x1303      	BCF        STATUS, 6
0x0288	0x00BD      	MOVWF      FARG_Lcd_Chr_row
0x0289	0x2AA9      	GOTO       L_Lcd_Chr5
;__Lib_Lcd.c,68 :: 		
L_Lcd_Chr7:
0x028A	0x30C0      	MOVLW      192
0x028B	0x00BD      	MOVWF      FARG_Lcd_Chr_row
0x028C	0x2AA9      	GOTO       L_Lcd_Chr5
;__Lib_Lcd.c,69 :: 		
L_Lcd_Chr8:
0x028D	0x3094      	MOVLW      148
0x028E	0x00BD      	MOVWF      FARG_Lcd_Chr_row
0x028F	0x2AA9      	GOTO       L_Lcd_Chr5
;__Lib_Lcd.c,70 :: 		
L_Lcd_Chr9:
0x0290	0x30D4      	MOVLW      212
0x0291	0x00BD      	MOVWF      FARG_Lcd_Chr_row
0x0292	0x2AA9      	GOTO       L_Lcd_Chr5
;__Lib_Lcd.c,71 :: 		
L_Lcd_Chr10:
0x0293	0x3080      	MOVLW      128
0x0294	0x00BD      	MOVWF      FARG_Lcd_Chr_row
;__Lib_Lcd.c,72 :: 		
0x0295	0x2AA9      	GOTO       L_Lcd_Chr5
L_Lcd_Chr4:
0x0296	0x1283      	BCF        STATUS, 5
0x0297	0x1303      	BCF        STATUS, 6
0x0298	0x083D      	MOVF       FARG_Lcd_Chr_row, 0
0x0299	0x3A01      	XORLW      1
0x029A	0x1903      	BTFSC      STATUS, 2
0x029B	0x2A85      	GOTO       L_Lcd_Chr6
0x029C	0x083D      	MOVF       FARG_Lcd_Chr_row, 0
0x029D	0x3A02      	XORLW      2
0x029E	0x1903      	BTFSC      STATUS, 2
0x029F	0x2A8A      	GOTO       L_Lcd_Chr7
0x02A0	0x083D      	MOVF       FARG_Lcd_Chr_row, 0
0x02A1	0x3A03      	XORLW      3
0x02A2	0x1903      	BTFSC      STATUS, 2
0x02A3	0x2A8D      	GOTO       L_Lcd_Chr8
0x02A4	0x083D      	MOVF       FARG_Lcd_Chr_row, 0
0x02A5	0x3A04      	XORLW      4
0x02A6	0x1903      	BTFSC      STATUS, 2
0x02A7	0x2A90      	GOTO       L_Lcd_Chr9
0x02A8	0x2A93      	GOTO       L_Lcd_Chr10
L_Lcd_Chr5:
;__Lib_Lcd.c,74 :: 		
0x02A9	0x033E      	DECF       FARG_Lcd_Chr_column, 0
0x02AA	0x00F0      	MOVWF      R0
0x02AB	0x083D      	MOVF       FARG_Lcd_Chr_row, 0
0x02AC	0x07F0      	ADDWF      R0, 1
0x02AD	0x0870      	MOVF       R0, 0
0x02AE	0x00BD      	MOVWF      FARG_Lcd_Chr_row
;__Lib_Lcd.c,76 :: 		
0x02AF	0x1438      	BSF        __Lib_Lcd_cmd_status, BitPos(__Lib_Lcd_cmd_status+0)
;__Lib_Lcd.c,77 :: 		
0x02B0	0x0870      	MOVF       R0, 0
0x02B1	0x00C8      	MOVWF      FARG_Lcd_Cmd_out_char
0x02B2	0x201A      	CALL       _Lcd_Cmd
;__Lib_Lcd.c,79 :: 		
0x02B3	0x1038      	BCF        __Lib_Lcd_cmd_status, BitPos(__Lib_Lcd_cmd_status+0)
;__Lib_Lcd.c,80 :: 		
0x02B4	0x083F      	MOVF       FARG_Lcd_Chr_out_char, 0
0x02B5	0x00C8      	MOVWF      FARG_Lcd_Cmd_out_char
0x02B6	0x201A      	CALL       _Lcd_Cmd
;__Lib_Lcd.c,81 :: 		
0x02B7	0x1438      	BSF        __Lib_Lcd_cmd_status, BitPos(__Lib_Lcd_cmd_status+0)
;__Lib_Lcd.c,82 :: 		
L_end_Lcd_Chr:
0x02B8	0x0008      	RETURN
; end of _Lcd_Chr
___CC2DW:
;__Lib_System.c,134 :: 		
;__Lib_System.c,137 :: 		
_CC2D_Loop1:
;__Lib_System.c,139 :: 		
0x02B9	0x20E6      	CALL       _____DoICP
0x02BA	0x118A      	BCF        PCLATH, 3
0x02BB	0x120A      	BCF        PCLATH, 4
;__Lib_System.c,141 :: 		
0x02BC	0x0080      	MOVWF      INDF
;__Lib_System.c,142 :: 		
0x02BD	0x0A84      	INCF       FSR, 1
;__Lib_System.c,143 :: 		
0x02BE	0x0ABB      	INCF       ___DoICPAddr, 1
;__Lib_System.c,145 :: 		
0x02BF	0x1903      	BTFSC      STATUS, 2
;__Lib_System.c,146 :: 		
0x02C0	0x0ABC      	INCF       ___DoICPAddr+1, 1
;__Lib_System.c,147 :: 		
0x02C1	0x03F0      	DECF       R0, 1
;__Lib_System.c,149 :: 		
0x02C2	0x1D03      	BTFSS      STATUS, 2
;__Lib_System.c,150 :: 		
0x02C3	0x2AB9      	GOTO       _CC2D_Loop1
;__Lib_System.c,152 :: 		
L_end___CC2DW:
0x02C4	0x0008      	RETURN
; end of ___CC2DW
_Lcd_Init:
;__Lib_Lcd.c,84 :: 		
;__Lib_Lcd.c,86 :: 		
0x02C5	0x1683      	BSF        STATUS, 5
0x02C6	0x1303      	BCF        STATUS, 6
0x02C7	0x1286      	BCF        LCD_EN_Direction, BitPos(LCD_EN_Direction+0)
;__Lib_Lcd.c,87 :: 		
0x02C8	0x1206      	BCF        LCD_RS_Direction, BitPos(LCD_RS_Direction+0)
;__Lib_Lcd.c,88 :: 		
0x02C9	0x1006      	BCF        LCD_D4_Direction, BitPos(LCD_D4_Direction+0)
;__Lib_Lcd.c,89 :: 		
0x02CA	0x1086      	BCF        LCD_D5_Direction, BitPos(LCD_D5_Direction+0)
;__Lib_Lcd.c,90 :: 		
0x02CB	0x1106      	BCF        LCD_D6_Direction, BitPos(LCD_D6_Direction+0)
;__Lib_Lcd.c,91 :: 		
0x02CC	0x1186      	BCF        LCD_D7_Direction, BitPos(LCD_D7_Direction+0)
;__Lib_Lcd.c,93 :: 		
0x02CD	0x1283      	BCF        STATUS, 5
0x02CE	0x1286      	BCF        LCD_EN, BitPos(LCD_EN+0)
;__Lib_Lcd.c,94 :: 		
0x02CF	0x1206      	BCF        LCD_RS, BitPos(LCD_RS+0)
;__Lib_Lcd.c,95 :: 		
0x02D0	0x1186      	BCF        LCD_D7, BitPos(LCD_D7+0)
;__Lib_Lcd.c,96 :: 		
0x02D1	0x1106      	BCF        LCD_D6, BitPos(LCD_D6+0)
;__Lib_Lcd.c,97 :: 		
0x02D2	0x1086      	BCF        LCD_D5, BitPos(LCD_D5+0)
;__Lib_Lcd.c,98 :: 		
0x02D3	0x1006      	BCF        LCD_D4, BitPos(LCD_D4+0)
;__Lib_Lcd.c,100 :: 		
0x02D4	0x200A      	CALL       _Delay_5500us
;__Lib_Lcd.c,101 :: 		
0x02D5	0x200A      	CALL       _Delay_5500us
;__Lib_Lcd.c,102 :: 		
0x02D6	0x200A      	CALL       _Delay_5500us
;__Lib_Lcd.c,105 :: 		
0x02D7	0x1486      	BSF        LCD_D5, BitPos(LCD_D5+0)
;__Lib_Lcd.c,106 :: 		
0x02D8	0x1406      	BSF        LCD_D4, BitPos(LCD_D4+0)
;__Lib_Lcd.c,107 :: 		
0x02D9	0x1686      	BSF        LCD_EN, BitPos(LCD_EN+0)
;__Lib_Lcd.c,108 :: 		
0x02DA	0x2017      	CALL       _Delay_1us
;__Lib_Lcd.c,109 :: 		
0x02DB	0x1286      	BCF        LCD_EN, BitPos(LCD_EN+0)
;__Lib_Lcd.c,110 :: 		
0x02DC	0x200A      	CALL       _Delay_5500us
;__Lib_Lcd.c,112 :: 		
0x02DD	0x1686      	BSF        LCD_EN, BitPos(LCD_EN+0)
;__Lib_Lcd.c,113 :: 		
0x02DE	0x2017      	CALL       _Delay_1us
;__Lib_Lcd.c,114 :: 		
0x02DF	0x1286      	BCF        LCD_EN, BitPos(LCD_EN+0)
;__Lib_Lcd.c,115 :: 		
0x02E0	0x200A      	CALL       _Delay_5500us
;__Lib_Lcd.c,117 :: 		
0x02E1	0x1686      	BSF        LCD_EN, BitPos(LCD_EN+0)
;__Lib_Lcd.c,118 :: 		
0x02E2	0x2017      	CALL       _Delay_1us
;__Lib_Lcd.c,119 :: 		
0x02E3	0x1286      	BCF        LCD_EN, BitPos(LCD_EN+0)
;__Lib_Lcd.c,120 :: 		
0x02E4	0x200A      	CALL       _Delay_5500us
;__Lib_Lcd.c,123 :: 		
0x02E5	0x1006      	BCF        LCD_D4, BitPos(LCD_D4+0)
;__Lib_Lcd.c,124 :: 		
0x02E6	0x1686      	BSF        LCD_EN, BitPos(LCD_EN+0)
;__Lib_Lcd.c,125 :: 		
0x02E7	0x2017      	CALL       _Delay_1us
;__Lib_Lcd.c,126 :: 		
0x02E8	0x1286      	BCF        LCD_EN, BitPos(LCD_EN+0)
;__Lib_Lcd.c,127 :: 		
0x02E9	0x200A      	CALL       _Delay_5500us
;__Lib_Lcd.c,130 :: 		
0x02EA	0x1686      	BSF        LCD_EN, BitPos(LCD_EN+0)
;__Lib_Lcd.c,131 :: 		
0x02EB	0x2017      	CALL       _Delay_1us
;__Lib_Lcd.c,132 :: 		
0x02EC	0x1286      	BCF        LCD_EN, BitPos(LCD_EN+0)
;__Lib_Lcd.c,134 :: 		
0x02ED	0x1086      	BCF        LCD_D5, BitPos(LCD_D5+0)
;__Lib_Lcd.c,135 :: 		
0x02EE	0x1586      	BSF        LCD_D7, BitPos(LCD_D7+0)
;__Lib_Lcd.c,136 :: 		
0x02EF	0x1686      	BSF        LCD_EN, BitPos(LCD_EN+0)
;__Lib_Lcd.c,137 :: 		
0x02F0	0x2017      	CALL       _Delay_1us
;__Lib_Lcd.c,138 :: 		
0x02F1	0x1286      	BCF        LCD_EN, BitPos(LCD_EN+0)
;__Lib_Lcd.c,139 :: 		
0x02F2	0x200A      	CALL       _Delay_5500us
;__Lib_Lcd.c,142 :: 		
0x02F3	0x1186      	BCF        LCD_D7, BitPos(LCD_D7+0)
;__Lib_Lcd.c,143 :: 		
0x02F4	0x1406      	BSF        LCD_D4, BitPos(LCD_D4+0)
;__Lib_Lcd.c,144 :: 		
0x02F5	0x1686      	BSF        LCD_EN, BitPos(LCD_EN+0)
;__Lib_Lcd.c,145 :: 		
0x02F6	0x2017      	CALL       _Delay_1us
;__Lib_Lcd.c,146 :: 		
0x02F7	0x1286      	BCF        LCD_EN, BitPos(LCD_EN+0)
;__Lib_Lcd.c,148 :: 		
0x02F8	0x1006      	BCF        LCD_D4, BitPos(LCD_D4+0)
;__Lib_Lcd.c,149 :: 		
0x02F9	0x1686      	BSF        LCD_EN, BitPos(LCD_EN+0)
;__Lib_Lcd.c,150 :: 		
0x02FA	0x2017      	CALL       _Delay_1us
;__Lib_Lcd.c,151 :: 		
0x02FB	0x1286      	BCF        LCD_EN, BitPos(LCD_EN+0)
;__Lib_Lcd.c,152 :: 		
0x02FC	0x200A      	CALL       _Delay_5500us
;__Lib_Lcd.c,155 :: 		
0x02FD	0x1686      	BSF        LCD_EN, BitPos(LCD_EN+0)
;__Lib_Lcd.c,156 :: 		
0x02FE	0x2017      	CALL       _Delay_1us
;__Lib_Lcd.c,157 :: 		
0x02FF	0x1286      	BCF        LCD_EN, BitPos(LCD_EN+0)
;__Lib_Lcd.c,159 :: 		
0x0300	0x1406      	BSF        LCD_D4, BitPos(LCD_D4+0)
;__Lib_Lcd.c,160 :: 		
0x0301	0x1686      	BSF        LCD_EN, BitPos(LCD_EN+0)
;__Lib_Lcd.c,161 :: 		
0x0302	0x2017      	CALL       _Delay_1us
;__Lib_Lcd.c,162 :: 		
0x0303	0x1286      	BCF        LCD_EN, BitPos(LCD_EN+0)
;__Lib_Lcd.c,163 :: 		
0x0304	0x200A      	CALL       _Delay_5500us
;__Lib_Lcd.c,166 :: 		
0x0305	0x1006      	BCF        LCD_D4, BitPos(LCD_D4+0)
;__Lib_Lcd.c,167 :: 		
0x0306	0x1686      	BSF        LCD_EN, BitPos(LCD_EN+0)
;__Lib_Lcd.c,168 :: 		
0x0307	0x2017      	CALL       _Delay_1us
;__Lib_Lcd.c,169 :: 		
0x0308	0x1286      	BCF        LCD_EN, BitPos(LCD_EN+0)
;__Lib_Lcd.c,171 :: 		
0x0309	0x1586      	BSF        LCD_D7, BitPos(LCD_D7+0)
;__Lib_Lcd.c,172 :: 		
0x030A	0x1506      	BSF        LCD_D6, BitPos(LCD_D6+0)
;__Lib_Lcd.c,173 :: 		
0x030B	0x1486      	BSF        LCD_D5, BitPos(LCD_D5+0)
;__Lib_Lcd.c,174 :: 		
0x030C	0x1406      	BSF        LCD_D4, BitPos(LCD_D4+0)
;__Lib_Lcd.c,175 :: 		
0x030D	0x1686      	BSF        LCD_EN, BitPos(LCD_EN+0)
;__Lib_Lcd.c,176 :: 		
0x030E	0x2017      	CALL       _Delay_1us
;__Lib_Lcd.c,177 :: 		
0x030F	0x1286      	BCF        LCD_EN, BitPos(LCD_EN+0)
;__Lib_Lcd.c,179 :: 		
0x0310	0x200A      	CALL       _Delay_5500us
;__Lib_Lcd.c,181 :: 		
0x0311	0x1438      	BSF        __Lib_Lcd_cmd_status, BitPos(__Lib_Lcd_cmd_status+0)
;__Lib_Lcd.c,182 :: 		
L_end_Lcd_Init:
0x0312	0x0008      	RETURN
; end of _Lcd_Init
_main:
0x0313	0x3054      	MOVLW      84
0x0314	0x1283      	BCF        STATUS, 5
0x0315	0x1303      	BCF        STATUS, 6
0x0316	0x00A0      	MOVWF      ?lstr2_deney12
0x0317	0x3065      	MOVLW      101
0x0318	0x00A1      	MOVWF      33
0x0319	0x306D      	MOVLW      109
0x031A	0x00A2      	MOVWF      34
0x031B	0x3070      	MOVLW      112
0x031C	0x00A3      	MOVWF      35
0x031D	0x3065      	MOVLW      101
0x031E	0x00A4      	MOVWF      36
0x031F	0x3072      	MOVLW      114
0x0320	0x00A5      	MOVWF      37
0x0321	0x3061      	MOVLW      97
0x0322	0x00A6      	MOVWF      38
0x0323	0x3074      	MOVLW      116
0x0324	0x00A7      	MOVWF      39
0x0325	0x3075      	MOVLW      117
0x0326	0x00A8      	MOVWF      40
0x0327	0x3072      	MOVLW      114
0x0328	0x00A9      	MOVWF      41
0x0329	0x3065      	MOVLW      101
0x032A	0x00AA      	MOVWF      42
0x032B	0x303A      	MOVLW      58
0x032C	0x00AB      	MOVWF      43
0x032D	0x3020      	MOVLW      32
0x032E	0x00AC      	MOVWF      44
0x032F	0x01AD      	CLRF       45
0x0330	0x302F      	MOVLW      47
0x0331	0x00AE      	MOVWF      _text
0x0332	0x3030      	MOVLW      48
0x0333	0x00AF      	MOVWF      ?lstr1_deney12
0x0334	0x3030      	MOVLW      48
0x0335	0x00B0      	MOVWF      48
0x0336	0x3030      	MOVLW      48
0x0337	0x00B1      	MOVWF      49
0x0338	0x302E      	MOVLW      46
0x0339	0x00B2      	MOVWF      50
0x033A	0x3030      	MOVLW      48
0x033B	0x00B3      	MOVWF      51
0x033C	0x3030      	MOVLW      48
0x033D	0x00B4      	MOVWF      52
0x033E	0x3030      	MOVLW      48
0x033F	0x00B5      	MOVWF      53
0x0340	0x3030      	MOVLW      48
0x0341	0x00B6      	MOVWF      54
0x0342	0x01B7      	CLRF       55
;deney12.c,82 :: 		void main() {
;deney12.c,84 :: 		ANSEL = 0;
0x0343	0x1683      	BSF        STATUS, 5
0x0344	0x1703      	BSF        STATUS, 6
0x0345	0x0188      	CLRF       ANSEL
;deney12.c,85 :: 		ANSELH = 0;
0x0346	0x0189      	CLRF       ANSELH
;deney12.c,87 :: 		C1ON_bit = 0;
0x0347	0x1283      	BCF        STATUS, 5
0x0348	0x1387      	BCF        C1ON_bit, BitPos(C1ON_bit+0)
;deney12.c,88 :: 		C2ON_bit = 0;
0x0349	0x1388      	BCF        C2ON_bit, BitPos(C2ON_bit+0)
;deney12.c,90 :: 		Lcd_Init();
0x034A	0x22C5      	CALL       _Lcd_Init
;deney12.c,91 :: 		Lcd_Cmd(_LCD_CLEAR);
0x034B	0x3001      	MOVLW      1
0x034C	0x00C8      	MOVWF      FARG_Lcd_Cmd_out_char
0x034D	0x201A      	CALL       _Lcd_Cmd
;deney12.c,92 :: 		Lcd_Cmd(_LCD_CURSOR_OFF);
0x034E	0x300C      	MOVLW      12
0x034F	0x00C8      	MOVWF      FARG_Lcd_Cmd_out_char
0x0350	0x201A      	CALL       _Lcd_Cmd
;deney12.c,93 :: 		Lcd_Out(1, 1, "Temperature: ");
0x0351	0x3001      	MOVLW      1
0x0352	0x00C3      	MOVWF      FARG_Lcd_Out_row
0x0353	0x3001      	MOVLW      1
0x0354	0x00C4      	MOVWF      FARG_Lcd_Out_column
0x0355	0x3020      	MOVLW      ?lstr2_deney12
0x0356	0x00C5      	MOVWF      FARG_Lcd_Out_text
0x0357	0x2062      	CALL       _Lcd_Out
;deney12.c,95 :: 		Lcd_Chr(2, 13, 223); // Derece Simgesi icin
0x0358	0x3002      	MOVLW      2
0x0359	0x00BD      	MOVWF      FARG_Lcd_Chr_row
0x035A	0x300D      	MOVLW      13
0x035B	0x00BE      	MOVWF      FARG_Lcd_Chr_column
0x035C	0x30DF      	MOVLW      223
0x035D	0x00BF      	MOVWF      FARG_Lcd_Chr_out_char
0x035E	0x2284      	CALL       _Lcd_Chr
;deney12.c,96 :: 		Lcd_Chr(2, 14, 'C');
0x035F	0x3002      	MOVLW      2
0x0360	0x00BD      	MOVWF      FARG_Lcd_Chr_row
0x0361	0x300E      	MOVLW      14
0x0362	0x00BE      	MOVWF      FARG_Lcd_Chr_column
0x0363	0x3043      	MOVLW      67
0x0364	0x00BF      	MOVWF      FARG_Lcd_Chr_out_char
0x0365	0x2284      	CALL       _Lcd_Chr
;deney12.c,98 :: 		do{
L_main3:
;deney12.c,100 :: 		Ow_Reset(&PORTE, 2); //sensöre reset komutu gönderilecek. sensörün çalýþmasýný tetikliyor.
0x0366	0x3009      	MOVLW      PORTE
0x0367	0x00BD      	MOVWF      FARG_Ow_Reset_port
0x0368	0x3002      	MOVLW      2
0x0369	0x00BE      	MOVWF      FARG_Ow_Reset_pin
0x036A	0x21E9      	CALL       _Ow_Reset
;deney12.c,102 :: 		Ow_Write(&PORTE, 2, 0xCC); // SKIP_ROM komutu. datasheet lerde varmýþ içeriði. çok karýþýk açýklama yapmýyorum dedi.
0x036B	0x3009      	MOVLW      PORTE
0x036C	0x00BD      	MOVWF      FARG_Ow_Write_port
0x036D	0x3002      	MOVLW      2
0x036E	0x00BE      	MOVWF      FARG_Ow_Write_pin
0x036F	0x30CC      	MOVLW      204
0x0370	0x00BF      	MOVWF      FARG_Ow_Write_data_
0x0371	0x2212      	CALL       _Ow_Write
;deney12.c,104 :: 		Ow_Write(&PORTE, 2, 0x44); // CONVERT_T komutu. dýþ ortamdan aldýðý sýcaklýk deðerinin dönüþümünü yapýyor. 9 bitlik dönüþümün yapýlmasý için.
0x0372	0x3009      	MOVLW      PORTE
0x0373	0x00BD      	MOVWF      FARG_Ow_Write_port
0x0374	0x3002      	MOVLW      2
0x0375	0x00BE      	MOVWF      FARG_Ow_Write_pin
0x0376	0x3044      	MOVLW      68
0x0377	0x00BF      	MOVWF      FARG_Ow_Write_data_
0x0378	0x2212      	CALL       _Ow_Write
;deney12.c,106 :: 		Delay_ms(750);
0x0379	0x3008      	MOVLW      8
0x037A	0x00FB      	MOVWF      R11
0x037B	0x309D      	MOVLW      157
0x037C	0x00FC      	MOVWF      R12
0x037D	0x3005      	MOVLW      5
0x037E	0x00FD      	MOVWF      R13
L_main6:
0x037F	0x0BFD      	DECFSZ     R13, 1
0x0380	0x2B7F      	GOTO       L_main6
0x0381	0x0BFC      	DECFSZ     R12, 1
0x0382	0x2B7F      	GOTO       L_main6
0x0383	0x0BFB      	DECFSZ     R11, 1
0x0384	0x2B7F      	GOTO       L_main6
0x0385	0x0000      	NOP
0x0386	0x0000      	NOP
;deney12.c,108 :: 		Ow_Reset(&PORTE, 2);
0x0387	0x3009      	MOVLW      PORTE
0x0388	0x00BD      	MOVWF      FARG_Ow_Reset_port
0x0389	0x3002      	MOVLW      2
0x038A	0x00BE      	MOVWF      FARG_Ow_Reset_pin
0x038B	0x21E9      	CALL       _Ow_Reset
;deney12.c,110 :: 		Ow_Write(&PORTE, 2, 0xCC); // SKIP_ROM
0x038C	0x3009      	MOVLW      PORTE
0x038D	0x00BD      	MOVWF      FARG_Ow_Write_port
0x038E	0x3002      	MOVLW      2
0x038F	0x00BE      	MOVWF      FARG_Ow_Write_pin
0x0390	0x30CC      	MOVLW      204
0x0391	0x00BF      	MOVWF      FARG_Ow_Write_data_
0x0392	0x2212      	CALL       _Ow_Write
;deney12.c,112 :: 		Ow_Write(&PORTE, 2, 0xBE); // READ_SCRAATCHPAD (açýklamadý)
0x0393	0x3009      	MOVLW      PORTE
0x0394	0x00BD      	MOVWF      FARG_Ow_Write_port
0x0395	0x3002      	MOVLW      2
0x0396	0x00BE      	MOVWF      FARG_Ow_Write_pin
0x0397	0x30BE      	MOVLW      190
0x0398	0x00BF      	MOVWF      FARG_Ow_Write_data_
0x0399	0x2212      	CALL       _Ow_Write
;deney12.c,116 :: 		temp = Ow_Read(&PORTE, 2); // ilk byte LSB (8-bit) okundu
0x039A	0x3009      	MOVLW      PORTE
0x039B	0x00BD      	MOVWF      FARG_Ow_Read_port
0x039C	0x3002      	MOVLW      2
0x039D	0x00BE      	MOVWF      FARG_Ow_Read_pin
0x039E	0x2248      	CALL       _Ow_Read
0x039F	0x0870      	MOVF       R0, 0
0x03A0	0x00B9      	MOVWF      _temp
0x03A1	0x01BA      	CLRF       _temp+1
;deney12.c,118 :: 		temp = (Ow_Read(&PORTE, 2) << 8) + temp ; // ikinci byte MSB okundu. bunu okuyup hemen kaydýrýyoruz 8 bit. nedenini açýklamadý.
0x03A2	0x3009      	MOVLW      PORTE
0x03A3	0x00BD      	MOVWF      FARG_Ow_Read_port
0x03A4	0x3002      	MOVLW      2
0x03A5	0x00BE      	MOVWF      FARG_Ow_Read_pin
0x03A6	0x2248      	CALL       _Ow_Read
0x03A7	0x0870      	MOVF       R0, 0
0x03A8	0x00F3      	MOVWF      R2+1
0x03A9	0x01F2      	CLRF       R2
0x03AA	0x0839      	MOVF       _temp, 0
0x03AB	0x0772      	ADDWF      R2, 0
0x03AC	0x00F0      	MOVWF      R0
0x03AD	0x0873      	MOVF       R2+1, 0
0x03AE	0x1803      	BTFSC      STATUS, 0
0x03AF	0x3E01      	ADDLW      1
0x03B0	0x073A      	ADDWF      _temp+1, 0
0x03B1	0x00F1      	MOVWF      R0+1
0x03B2	0x0870      	MOVF       R0, 0
0x03B3	0x00B9      	MOVWF      _temp
0x03B4	0x0871      	MOVF       R0+1, 0
0x03B5	0x00BA      	MOVWF      _temp+1
;deney12.c,120 :: 		Display_Temperature(temp); // temp deðeri lcd de okunabilecek hale dönüþtürülüyor.
0x03B6	0x0870      	MOVF       R0, 0
0x03B7	0x00BD      	MOVWF      FARG_Display_Temperature_temp2write
0x03B8	0x0871      	MOVF       R0+1, 0
0x03B9	0x00BE      	MOVWF      FARG_Display_Temperature_temp2write+1
0x03BA	0x2118      	CALL       _Display_Temperature
;deney12.c,122 :: 		Delay_ms(500);
0x03BB	0x3006      	MOVLW      6
0x03BC	0x00FB      	MOVWF      R11
0x03BD	0x3013      	MOVLW      19
0x03BE	0x00FC      	MOVWF      R12
0x03BF	0x30AD      	MOVLW      173
0x03C0	0x00FD      	MOVWF      R13
L_main7:
0x03C1	0x0BFD      	DECFSZ     R13, 1
0x03C2	0x2BC1      	GOTO       L_main7
0x03C3	0x0BFC      	DECFSZ     R12, 1
0x03C4	0x2BC1      	GOTO       L_main7
0x03C5	0x0BFB      	DECFSZ     R11, 1
0x03C6	0x2BC1      	GOTO       L_main7
0x03C7	0x0000      	NOP
0x03C8	0x0000      	NOP
;deney12.c,124 :: 		}while(1);
0x03C9	0x2B66      	GOTO       L_main3
;deney12.c,125 :: 		}
L_end_main:
0x03CA	0x2BCA      	GOTO       $+0
; end of _main
Symbol List:
//** Routines locations **
//ADDRESS    SIZE    PROCEDURE
//----------------------------------------------
0x0003       [7]    _Delay_50us
0x000A      [13]    _Delay_5500us
0x0017       [3]    _Delay_1us
0x001A      [64]    _Lcd_Cmd
0x005A       [8]    _Lcd_Chr_CP
0x0062      [64]    _Lcd_Out
0x00A2      [13]    _Delay_500us
0x00AF       [9]    _Delay_80us
0x00B8      [29]    _Div_16X16_U
0x00D5      [17]    _Div_8X8_U
0x00E6       [7]    _____DoICP
0x00ED      [43]    _Mul_16X16_U
0x0118     [209]    _Display_Temperature
0x01E9      [41]    _Ow_Reset
0x0212      [54]    _Ow_Write
0x0248      [60]    _Ow_Read
0x0284      [53]    _Lcd_Chr
0x02B9      [12]    ___CC2DW
0x02C5      [78]    _Lcd_Init
0x0313     [184]    _main
//** Variables locations ** 
//ADDRESS    SIZE    VARIABLE
//----------------------------------------------
0x0000       [1]    INDF
0x0002       [1]    PCL
0x0003       [1]    STATUS
0x0004       [1]    FSR
0x0006       [0]    RB5_bit
0x0006       [0]    LCD_RS
0x0006       [0]    RB2_bit
0x0006       [0]    RB4_bit
0x0006       [0]    RB1_bit
0x0006       [0]    RB3_bit
0x0006       [0]    LCD_D4
0x0006       [0]    LCD_D6
0x0006       [0]    LCD_D5
0x0006       [0]    LCD_D7
0x0006       [0]    RB0_bit
0x0006       [0]    LCD_EN
0x0009       [1]    PORTE
0x000A       [1]    PCLATH
0x0020      [14]    ?lstr2_deney12
0x002E       [1]    _text
0x002F       [9]    ?lstr1_deney12
0x0038       [0]    __Lib_Lcd_cmd_status
0x0039       [2]    _temp
0x003B       [2]    ___DoICPAddr
0x003D       [1]    FARG_Ow_Read_port
0x003D       [1]    FARG_Ow_Reset_port
0x003D       [1]    FARG_Ow_Write_port
0x003D       [2]    FARG_Display_Temperature_temp2write
0x003D       [1]    FARG_Lcd_Chr_row
0x003E       [1]    FARG_Ow_Write_pin
0x003E       [1]    FARG_Lcd_Chr_column
0x003E       [1]    FARG_Ow_Reset_pin
0x003E       [1]    FARG_Ow_Read_pin
0x003F       [1]    FARG_Lcd_Chr_out_char
0x003F       [1]    Display_Temperature_temp_whole_L0
0x003F       [1]    Ow_Reset_res_L0
0x003F       [1]    Ow_Read_i_L0
0x003F       [1]    FARG_Ow_Write_data_
0x0040       [1]    Ow_Read_tmp_L0
0x0040       [1]    Ow_Write_i_L0
0x0040       [2]    Display_Temperature_temp_fraction_L0
0x0040       [1]    Ow_Reset_bit_mask_1_L0
0x0041       [1]    Ow_Read_bit_mask_0_L0
0x0041       [1]    Ow_Write_bit_mask_0_L0
0x0042       [1]    Ow_Read_bit_mask_1_L0
0x0042       [1]    FLOC__Display_Temperature
0x0042       [1]    Ow_Write_bit_mask_1_L0
0x0043       [1]    FARG_Lcd_Out_row
0x0044       [1]    FARG_Lcd_Out_column
0x0045       [1]    FARG_Lcd_Out_text
0x0046       [1]    Lcd_Out_i_L0
0x0047       [1]    FARG_Lcd_Chr_CP_out_char
0x0048       [1]    FARG_Lcd_Cmd_out_char
0x0070       [1]    R0
0x0071       [1]    R1
0x0072       [1]    R2
0x0073       [1]    R3
0x0074       [1]    R4
0x0075       [1]    R5
0x0076       [1]    R6
0x0077       [1]    R7
0x0078       [1]    R8
0x0079       [1]    R9
0x007A       [1]    R10
0x007B       [1]    R11
0x007C       [1]    R12
0x007D       [1]    R13
0x007E       [1]    R14
0x007F       [1]    R15
0x0086       [0]    LCD_EN_Direction
0x0086       [0]    LCD_RS_Direction
0x0086       [0]    LCD_D4_Direction
0x0086       [0]    LCD_D7_Direction
0x0086       [0]    LCD_D6_Direction
0x0086       [0]    LCD_D5_Direction
0x0086       [0]    TRISB1_bit
0x0086       [0]    TRISB0_bit
0x0086       [0]    TRISB2_bit
0x0086       [0]    TRISB5_bit
0x0086       [0]    TRISB4_bit
0x0086       [0]    TRISB3_bit
0x0107       [0]    C1ON_bit
0x0108       [0]    C2ON_bit
0x0188       [1]    ANSEL
0x0189       [1]    ANSELH
