;  LST file generated by mikroListExporter - v.2.0 
; Date/Time: 9.12.2020 17:25:01
;----------------------------------------------

;Address Opcode 	ASM
0x0000	0x282A      	GOTO       42
_interrupt:
0x0004	0x00FF      	MOVWF      R15
0x0005	0x0E03      	SWAPF      STATUS, 0
0x0006	0x0183      	CLRF       STATUS
0x0007	0x00A3      	MOVWF      ___saveSTATUS
0x0008	0x080A      	MOVF       PCLATH, 0
0x0009	0x00A4      	MOVWF      ___savePCLATH
0x000A	0x018A      	CLRF       PCLATH
;Deney4v2.c,12 :: 		void interrupt(){
;Deney4v2.c,14 :: 		cnt++;
0x000B	0x0AA2      	INCF       _cnt, 1
;Deney4v2.c,16 :: 		PIR1.TMR1IF = 0;
0x000C	0x100C      	BCF        PIR1, 0
;Deney4v2.c,18 :: 		TMR1H = 0x80;
0x000D	0x3080      	MOVLW      128
0x000E	0x008F      	MOVWF      TMR1H
;Deney4v2.c,19 :: 		TMR1L = 0x00;
0x000F	0x018E      	CLRF       TMR1L
;Deney4v2.c,21 :: 		}
L_end_interrupt:
L__interrupt5:
0x0010	0x0824      	MOVF       ___savePCLATH, 0
0x0011	0x008A      	MOVWF      PCLATH
0x0012	0x0E23      	SWAPF      ___saveSTATUS, 0
0x0013	0x0083      	MOVWF      STATUS
0x0014	0x0EFF      	SWAPF      R15, 1
0x0015	0x0E7F      	SWAPF      R15, 0
0x0016	0x0009      	RETFIE
; end of _interrupt
_____DoICP:
;__Lib_System.c,6 :: 		
;__Lib_System.c,9 :: 		
0x0017	0x1283      	BCF        STATUS, 5
0x0018	0x1303      	BCF        STATUS, 6
0x0019	0x0821      	MOVF       ___DoICPAddr+1, 0
0x001A	0x008A      	MOVWF      PCLATH
;__Lib_System.c,10 :: 		
0x001B	0x0820      	MOVF       ___DoICPAddr, 0
0x001C	0x0082      	MOVWF      PCL
;__Lib_System.c,12 :: 		
L_end_____DoICP:
0x001D	0x0008      	RETURN
; end of _____DoICP
___CC2DW:
;__Lib_System.c,134 :: 		
;__Lib_System.c,137 :: 		
_CC2D_Loop1:
;__Lib_System.c,139 :: 		
0x001E	0x2017      	CALL       _____DoICP
0x001F	0x118A      	BCF        PCLATH, 3
0x0020	0x120A      	BCF        PCLATH, 4
;__Lib_System.c,141 :: 		
0x0021	0x0080      	MOVWF      INDF
;__Lib_System.c,142 :: 		
0x0022	0x0A84      	INCF       FSR, 1
;__Lib_System.c,143 :: 		
0x0023	0x0AA0      	INCF       ___DoICPAddr, 1
;__Lib_System.c,145 :: 		
0x0024	0x1903      	BTFSC      STATUS, 2
;__Lib_System.c,146 :: 		
0x0025	0x0AA1      	INCF       ___DoICPAddr+1, 1
;__Lib_System.c,147 :: 		
0x0026	0x03F0      	DECF       R0, 1
;__Lib_System.c,149 :: 		
0x0027	0x1D03      	BTFSS      STATUS, 2
;__Lib_System.c,150 :: 		
0x0028	0x281E      	GOTO       _CC2D_Loop1
;__Lib_System.c,152 :: 		
L_end___CC2DW:
0x0029	0x0008      	RETURN
; end of ___CC2DW
_main:
;Deney4v2.c,23 :: 		void main() {
;Deney4v2.c,25 :: 		ANSEL = 0;
0x002A	0x1683      	BSF        STATUS, 5
0x002B	0x1703      	BSF        STATUS, 6
0x002C	0x0188      	CLRF       ANSEL
;Deney4v2.c,26 :: 		ANSELH = 0;
0x002D	0x0189      	CLRF       ANSELH
;Deney4v2.c,28 :: 		PORTB = 0xF0; // Baþlangýçta ledlerin yarýsý yansýn.
0x002E	0x30F0      	MOVLW      240
0x002F	0x1283      	BCF        STATUS, 5
0x0030	0x1303      	BCF        STATUS, 6
0x0031	0x0086      	MOVWF      PORTB
;Deney4v2.c,29 :: 		TRISB = 0;
0x0032	0x1683      	BSF        STATUS, 5
0x0033	0x0186      	CLRF       TRISB
;Deney4v2.c,31 :: 		T1CON = 1; // TMR1ON = 1 yani TMR1 aktifleþtirilir.
0x0034	0x3001      	MOVLW      1
0x0035	0x1283      	BCF        STATUS, 5
0x0036	0x0090      	MOVWF      T1CON
;Deney4v2.c,33 :: 		PIR1.TMR1IF = 0; // TMR1 Kesme bayraðý sýfýrlanýr.
0x0037	0x100C      	BCF        PIR1, 0
;Deney4v2.c,36 :: 		TMR1H = 0x80; // 1000 0000
0x0038	0x3080      	MOVLW      128
0x0039	0x008F      	MOVWF      TMR1H
;Deney4v2.c,37 :: 		TMR1L = 0x00; // 0000 0000
0x003A	0x018E      	CLRF       TMR1L
;Deney4v2.c,39 :: 		PIE1.TMR1IE = 1; // TMR1 Taþtýðýnda kesme oluþsun
0x003B	0x1683      	BSF        STATUS, 5
0x003C	0x140C      	BSF        PIE1, 0
;Deney4v2.c,41 :: 		cnt = 0;
0x003D	0x1283      	BCF        STATUS, 5
0x003E	0x01A2      	CLRF       _cnt
;Deney4v2.c,43 :: 		INTCON = 0xC0; // 1100 0000 -> GIE = 1, PEIE = 1 demektir. bunu tek satýrda yazmak daha pratik.
0x003F	0x30C0      	MOVLW      192
0x0040	0x008B      	MOVWF      INTCON
;Deney4v2.c,45 :: 		do{
L_main0:
;Deney4v2.c,47 :: 		if(cnt == 76){
0x0041	0x0822      	MOVF       _cnt, 0
0x0042	0x3A4C      	XORLW      76
0x0043	0x1D03      	BTFSS      STATUS, 2
0x0044	0x2847      	GOTO       L_main3
;Deney4v2.c,49 :: 		PORTB = ~PORTB; // Diðer dört LED yansýn
0x0045	0x0986      	COMF       PORTB, 1
;Deney4v2.c,51 :: 		cnt = 0;
0x0046	0x01A2      	CLRF       _cnt
;Deney4v2.c,52 :: 		}
L_main3:
;Deney4v2.c,55 :: 		while(1);
0x0047	0x2841      	GOTO       L_main0
;Deney4v2.c,56 :: 		}
L_end_main:
0x0048	0x2848      	GOTO       $+0
; end of _main
Symbol List:
//** Routines locations **
//ADDRESS    SIZE    PROCEDURE
//----------------------------------------------
0x0004      [19]    _interrupt
0x0017       [7]    _____DoICP
0x001E      [12]    ___CC2DW
0x002A      [31]    _main
//** Variables locations ** 
//ADDRESS    SIZE    VARIABLE
//----------------------------------------------
0x0000       [1]    INDF
0x0002       [1]    PCL
0x0003       [1]    STATUS
0x0004       [1]    FSR
0x0006       [1]    PORTB
0x000A       [1]    PCLATH
0x000B       [1]    INTCON
0x000C       [1]    PIR1
0x000E       [1]    TMR1L
0x000F       [1]    TMR1H
0x0010       [1]    T1CON
0x0020       [2]    ___DoICPAddr
0x0022       [1]    _cnt
0x0023       [1]    ___saveSTATUS
0x0024       [1]    ___savePCLATH
0x0070       [1]    R0
0x0071       [1]    R1
0x0072       [1]    R2
0x0073       [1]    R3
0x0074       [1]    R4
0x0075       [1]    R5
0x0076       [1]    R6
0x0077       [1]    R7
0x0078       [1]    R8
0x0079       [1]    R9
0x007A       [1]    R10
0x007B       [1]    R11
0x007C       [1]    R12
0x007D       [1]    R13
0x007E       [1]    R14
0x007F       [1]    R15
0x0086       [1]    TRISB
0x008C       [1]    PIE1
0x0188       [1]    ANSEL
0x0189       [1]    ANSELH
